[2026-04-10 15:59:16] Starting MEMD pipeline for HC - restAP runs with atlas Yan2023
[2026-04-10 15:59:16] Starting MEMD for run HC_NDAR_INVZB896FPZ_restAP_run01_Yan2023
[2026-04-10 15:59:16] Starting MEMD for run HC_NDAR_INVWL810FRT_restAP_run01_Yan2023
[2026-04-10 15:59:16] Starting MEMD for run HC_NDAR_INVJT253NWQ_restAP_run01_Yan2023
[2026-04-10 15:59:16] Starting MEMD for run HC_NDAR_INVDK220VPQ_restAP_run01_Yan2023
[2026-04-10 15:59:16] Starting MEMD for run HC_NDAR_INVWE937RD6_restAP_run01_Yan2023
[2026-04-10 15:59:16] Starting MEMD for run HC_NDAR_INVDC524THW_restAP_run01_Yan2023
[2026-04-10 15:59:16] Starting MEMD for run HC_NDAR_INVKX727WL8_restAP_run01_Yan2023
[2026-04-10 15:59:16] Starting MEMD for run HC_NDAR_INVXJ707NAE_restAP_run01_Yan2023
[2026-04-10 16:44:59] HC_NDAR_INVWE937RD6_restAP_run01_Yan2023 decomposed
[2026-04-10 16:44:59] Starting MEMD for run HC_NDAR_INVKH965NN0_restAP_run01_Yan2023
[2026-04-10 16:45:51] HC_NDAR_INVDK220VPQ_restAP_run01_Yan2023 decomposed
[2026-04-10 16:45:51] Starting MEMD for run HC_NDAR_INVFW143KVU_restAP_run01_Yan2023
[2026-04-10 16:49:59] HC_NDAR_INVDC524THW_restAP_run01_Yan2023 decomposed
[2026-04-10 16:49:59] Starting MEMD for run HC_NDAR_INVGN082RP7_restAP_run01_Yan2023
[2026-04-10 16:51:26] HC_NDAR_INVKX727WL8_restAP_run01_Yan2023 decomposed
[2026-04-10 16:51:26] Starting MEMD for run HC_NDAR_INVXM223BAP_restAP_run01_Yan2023
[2026-04-10 16:52:26] HC_NDAR_INVJT253NWQ_restAP_run01_Yan2023 decomposed
[2026-04-10 16:52:26] Starting MEMD for run HC_NDAR_INVDD155BRR_restAP_run01_Yan2023
[2026-04-10 16:53:11] HC_NDAR_INVXJ707NAE_restAP_run01_Yan2023 decomposed
[2026-04-10 16:53:11] Starting MEMD for run HC_NDAR_INVPG675JPX_restAP_run01_Yan2023
[2026-04-10 16:55:08] HC_NDAR_INVWL810FRT_restAP_run01_Yan2023 decomposed
[2026-04-10 16:55:08] Starting MEMD for run HC_NDAR_INVAL101MH2_restAP_run01_Yan2023
[2026-04-10 16:56:54] HC_NDAR_INVZB896FPZ_restAP_run01_Yan2023 decomposed
[2026-04-10 16:56:54] Starting MEMD for run HC_NDAR_INVKD900ED7_restAP_run01_Yan2023
[2026-04-10 17:27:53] HC_NDAR_INVGN082RP7_restAP_run01_Yan2023 decomposed
[2026-04-10 17:27:54] Starting MEMD for run HC_NDAR_INVHG032NYJ_restAP_run01_Yan2023
[2026-04-10 17:31:39] HC_NDAR_INVFW143KVU_restAP_run01_Yan2023 decomposed
[2026-04-10 17:31:39] Starting MEMD for run HC_NDAR_INVWJ708RM0_restAP_run01_Yan2023
[2026-04-10 17:35:15] HC_NDAR_INVKH965NN0_restAP_run01_Yan2023 decomposed
[2026-04-10 17:35:15] Starting MEMD for run HC_NDAR_INVCW125BLA_restAP_run01_Yan2023
[2026-04-10 17:38:12] HC_NDAR_INVPG675JPX_restAP_run01_Yan2023 decomposed
[2026-04-10 17:38:12] Starting MEMD for run HC_NDAR_INVDM785DVB_restAP_run01_Yan2023
[2026-04-10 17:38:19] HC_NDAR_INVKD900ED7_restAP_run01_Yan2023 decomposed
[2026-04-10 17:38:19] Starting MEMD for run HC_NDAR_INVUA181LXU_restAP_run01_Yan2023
[2026-04-10 17:39:23] HC_NDAR_INVDD155BRR_restAP_run01_Yan2023 decomposed
[2026-04-10 17:40:33] HC_NDAR_INVXM223BAP_restAP_run01_Yan2023 decomposed
[2026-04-10 17:54:30] HC_NDAR_INVAL101MH2_restAP_run01_Yan2023 decomposed
[2026-04-10 18:14:22] HC_NDAR_INVHG032NYJ_restAP_run01_Yan2023 decomposed
[2026-04-10 18:21:34] HC_NDAR_INVUA181LXU_restAP_run01_Yan2023 decomposed
[2026-04-10 18:24:29] HC_NDAR_INVCW125BLA_restAP_run01_Yan2023 decomposed
[2026-04-10 18:26:24] HC_NDAR_INVWJ708RM0_restAP_run01_Yan2023 decomposed
[2026-04-10 18:30:22] HC_NDAR_INVDM785DVB_restAP_run01_Yan2023 decomposed
[2026-04-10 18:30:22] Starting MEMD pipeline for MDD - restAP runs with atlas Yan2023
[2026-04-10 18:30:24] Starting MEMD for run MDD_NDAR_INVLT949NAG_restAP_run01_Yan2023
[2026-04-10 18:30:24] Starting MEMD for run MDD_NDAR_INVLD269XMU_restAP_run01_Yan2023
[2026-04-10 18:30:43] Starting MEMD for run MDD_NDAR_INVRC807HPA_restAP_run01_Yan2023
[2026-04-10 18:30:43] Starting MEMD for run MDD_NDAR_INVHW100CDA_restAP_run01_Yan2023
[2026-04-10 18:30:43] Starting MEMD for run MDD_NDAR_INVWU297KRB_restAP_run01_Yan2023
[2026-04-10 18:30:43] Starting MEMD for run MDD_NDAR_INVUX642KUY_restAP_run01_Yan2023
[2026-04-10 18:30:43] Starting MEMD for run MDD_NDAR_INVTR059ATR_restAP_run01_Yan2023
[2026-04-10 18:30:43] Starting MEMD for run MDD_NDAR_INVEY681MZ7_restAP_run01_Yan2023
[2026-04-10 19:16:54] MDD_NDAR_INVLT949NAG_restAP_run01_Yan2023 decomposed
[2026-04-10 19:16:54] Starting MEMD for run MDD_NDAR_INVUY799LKJ_restAP_run01_Yan2023
[2026-04-10 19:17:54] MDD_NDAR_INVLD269XMU_restAP_run01_Yan2023 decomposed
[2026-04-10 19:17:54] Starting MEMD for run MDD_NDAR_INVKH279ZDZ_restAP_run01_Yan2023
[2026-04-10 19:18:37] MDD_NDAR_INVWU297KRB_restAP_run01_Yan2023 decomposed
[2026-04-10 19:18:37] Starting MEMD for run MDD_NDAR_INVVP179WTP_restAP_run01_Yan2023
[2026-04-10 19:19:45] MDD_NDAR_INVUX642KUY_restAP_run01_Yan2023 decomposed
[2026-04-10 19:19:45] Starting MEMD for run MDD_NDAR_INVUZ656BRT_restAP_run01_Yan2023
[2026-04-10 19:22:28] MDD_NDAR_INVTR059ATR_restAP_run01_Yan2023 decomposed
[2026-04-10 19:22:28] Starting MEMD for run MDD_NDAR_INVXA261ZAL_restAP_run01_Yan2023
[2026-04-10 19:22:57] MDD_NDAR_INVEY681MZ7_restAP_run01_Yan2023 decomposed
[2026-04-10 19:22:57] Starting MEMD for run MDD_NDAR_INVRX371YHK_restAP_run01_Yan2023
[2026-04-10 19:26:51] MDD_NDAR_INVHW100CDA_restAP_run01_Yan2023 decomposed
[2026-04-10 19:26:51] Starting MEMD for run MDD_NDAR_INVWR872ZDB_restAP_run01_Yan2023
[2026-04-10 19:29:16] MDD_NDAR_INVRC807HPA_restAP_run01_Yan2023 decomposed
[2026-04-10 19:29:16] Starting MEMD for run MDD_NDAR_INVZU586UPF_restAP_run01_Yan2023
[2026-04-10 19:54:07] MDD_NDAR_INVKH279ZDZ_restAP_run01_Yan2023 decomposed
[2026-04-10 19:54:08] Starting MEMD for run MDD_NDAR_INVNB949AXM_restAP_run01_Yan2023
[2026-04-10 20:10:18] MDD_NDAR_INVZU586UPF_restAP_run01_Yan2023 decomposed
[2026-04-10 20:10:18] Starting MEMD for run MDD_NDAR_INVJP751NXV_restAP_run01_Yan2023
[2026-04-10 20:11:48] MDD_NDAR_INVUZ656BRT_restAP_run01_Yan2023 decomposed
[2026-04-10 20:11:48] Starting MEMD for run MDD_NDAR_INVZY232VM1_restAP_run01_Yan2023
[2026-04-10 20:13:21] MDD_NDAR_INVXA261ZAL_restAP_run01_Yan2023 decomposed
[2026-04-10 20:13:21] Starting MEMD for run MDD_NDAR_INVDP288XND_restAP_run01_Yan2023
[2026-04-11 12:16:26] Starting MEMD pipeline for HC - restPA runs with atlas Yan2023
[2026-04-11 12:16:27] Starting MEMD for run HC_NDAR_INVKX727WL8_restPA_run01_Yan2023
[2026-04-11 12:16:27] Starting MEMD for run HC_NDAR_INVZB896FPZ_restPA_run01_Yan2023
[2026-04-11 12:16:27] Starting MEMD for run HC_NDAR_INVXJ707NAE_restPA_run01_Yan2023
[2026-04-11 12:16:27] Starting MEMD for run HC_NDAR_INVWL810FRT_restPA_run01_Yan2023
[2026-04-11 12:16:27] Starting MEMD for run HC_NDAR_INVDC524THW_restPA_run01_Yan2023
[2026-04-11 12:16:27] Starting MEMD for run HC_NDAR_INVDK220VPQ_restPA_run01_Yan2023
[2026-04-11 12:16:27] Starting MEMD for run HC_NDAR_INVJT253NWQ_restPA_run01_Yan2023
[2026-04-11 12:16:27] Starting MEMD for run HC_NDAR_INVWE937RD6_restPA_run01_Yan2023
[2026-04-11 12:54:25] HC_NDAR_INVWL810FRT_restPA_run01_Yan2023 decomposed
[2026-04-11 12:54:25] Starting MEMD for run HC_NDAR_INVKH965NN0_restPA_run01_Yan2023
[2026-04-11 12:54:39] HC_NDAR_INVDK220VPQ_restPA_run01_Yan2023 decomposed
[2026-04-11 12:54:39] Starting MEMD for run HC_NDAR_INVFW143KVU_restPA_run01_Yan2023
[2026-04-11 13:03:16] HC_NDAR_INVJT253NWQ_restPA_run01_Yan2023 decomposed
[2026-04-11 13:03:16] Starting MEMD for run HC_NDAR_INVGN082RP7_restPA_run01_Yan2023
[2026-04-11 13:03:47] HC_NDAR_INVKX727WL8_restPA_run01_Yan2023 decomposed
[2026-04-11 13:03:47] Starting MEMD for run HC_NDAR_INVXM223BAP_restPA_run01_Yan2023
[2026-04-11 13:06:23] HC_NDAR_INVZB896FPZ_restPA_run01_Yan2023 decomposed
[2026-04-11 13:06:23] Starting MEMD for run HC_NDAR_INVDD155BRR_restPA_run01_Yan2023
[2026-04-11 13:06:43] HC_NDAR_INVXJ707NAE_restPA_run01_Yan2023 decomposed
[2026-04-11 13:06:43] Starting MEMD for run HC_NDAR_INVPG675JPX_restPA_run01_Yan2023
[2026-04-11 13:07:13] HC_NDAR_INVDC524THW_restPA_run01_Yan2023 decomposed
[2026-04-11 13:07:13] Starting MEMD for run HC_NDAR_INVAL101MH2_restPA_run01_Yan2023
[2026-04-11 13:09:21] HC_NDAR_INVWE937RD6_restPA_run01_Yan2023 decomposed
[2026-04-11 13:09:21] Starting MEMD for run HC_NDAR_INVKD900ED7_restPA_run01_Yan2023
[2026-04-11 13:40:00] HC_NDAR_INVDD155BRR_restPA_run01_Yan2023 decomposed
[2026-04-11 13:40:00] Starting MEMD for run HC_NDAR_INVHG032NYJ_restPA_run01_Yan2023
[2026-04-11 13:41:23] HC_NDAR_INVKH965NN0_restPA_run01_Yan2023 decomposed
[2026-04-11 13:41:23] Starting MEMD for run HC_NDAR_INVWJ708RM0_restPA_run01_Yan2023
[2026-04-11 13:43:03] HC_NDAR_INVFW143KVU_restPA_run01_Yan2023 decomposed
[2026-04-11 13:43:03] Starting MEMD for run HC_NDAR_INVCW125BLA_restPA_run01_Yan2023
[2026-04-11 13:43:57] HC_NDAR_INVGN082RP7_restPA_run01_Yan2023 decomposed
[2026-04-11 13:43:57] Starting MEMD for run HC_NDAR_INVDM785DVB_restPA_run01_Yan2023
[2026-04-11 13:48:42] HC_NDAR_INVKD900ED7_restPA_run01_Yan2023 decomposed
[2026-04-11 13:48:42] Starting MEMD for run HC_NDAR_INVUA181LXU_restPA_run01_Yan2023
[2026-04-11 13:51:21] HC_NDAR_INVAL101MH2_restPA_run01_Yan2023 decomposed
[2026-04-11 13:53:53] HC_NDAR_INVXM223BAP_restPA_run01_Yan2023 decomposed
[2026-04-11 14:07:41] HC_NDAR_INVPG675JPX_restPA_run01_Yan2023 decomposed
[2026-04-11 14:23:38] HC_NDAR_INVHG032NYJ_restPA_run01_Yan2023 decomposed
[2026-04-11 14:27:35] HC_NDAR_INVCW125BLA_restPA_run01_Yan2023 decomposed
[2026-04-11 14:29:42] HC_NDAR_INVDM785DVB_restPA_run01_Yan2023 decomposed
[2026-04-11 14:42:54] HC_NDAR_INVWJ708RM0_restPA_run01_Yan2023 decomposed
[2026-04-11 14:52:20] HC_NDAR_INVUA181LXU_restPA_run01_Yan2023 decomposed
[2026-04-11 14:52:21] Starting MEMD pipeline for MDD - restPA runs with atlas Yan2023
[2026-04-11 14:52:22] Starting MEMD for run MDD_NDAR_INVLT949NAG_restPA_run01_Yan2023
[2026-04-11 14:52:37] Starting MEMD for run MDD_NDAR_INVTR059ATR_restPA_run01_Yan2023
[2026-04-11 14:52:37] Starting MEMD for run MDD_NDAR_INVEY681MZ7_restPA_run01_Yan2023
[2026-04-11 14:52:37] Starting MEMD for run MDD_NDAR_INVWU297KRB_restPA_run01_Yan2023
[2026-04-11 14:52:37] Starting MEMD for run MDD_NDAR_INVRC807HPA_restPA_run01_Yan2023
[2026-04-11 14:52:37] Starting MEMD for run MDD_NDAR_INVLD269XMU_restPA_run01_Yan2023
[2026-04-11 14:52:37] Starting MEMD for run MDD_NDAR_INVUX642KUY_restPA_run01_Yan2023
[2026-04-11 14:52:37] Starting MEMD for run MDD_NDAR_INVHW100CDA_restPA_run01_Yan2023
[2026-04-11 15:36:00] MDD_NDAR_INVTR059ATR_restPA_run01_Yan2023 decomposed
[2026-04-11 15:36:00] Starting MEMD for run MDD_NDAR_INVUY799LKJ_restPA_run01_Yan2023
[2026-04-11 15:36:19] MDD_NDAR_INVUX642KUY_restPA_run01_Yan2023 decomposed
[2026-04-11 15:36:19] Starting MEMD for run MDD_NDAR_INVKH279ZDZ_restPA_run01_Yan2023
[2026-04-11 15:36:49] MDD_NDAR_INVEY681MZ7_restPA_run01_Yan2023 decomposed
[2026-04-11 15:36:50] Starting MEMD for run MDD_NDAR_INVVP179WTP_restPA_run01_Yan2023
[2026-04-11 15:37:57] MDD_NDAR_INVRC807HPA_restPA_run01_Yan2023 decomposed
[2026-04-11 15:37:57] Starting MEMD for run MDD_NDAR_INVUZ656BRT_restPA_run01_Yan2023
[2026-04-11 15:41:44] MDD_NDAR_INVLT949NAG_restPA_run01_Yan2023 decomposed
[2026-04-11 15:41:44] Starting MEMD for run MDD_NDAR_INVXA261ZAL_restPA_run01_Yan2023
[2026-04-11 15:43:44] MDD_NDAR_INVWU297KRB_restPA_run01_Yan2023 decomposed
[2026-04-11 15:43:44] Starting MEMD for run MDD_NDAR_INVRX371YHK_restPA_run01_Yan2023
[2026-04-11 15:45:46] MDD_NDAR_INVHW100CDA_restPA_run01_Yan2023 decomposed
[2026-04-11 15:45:46] Starting MEMD for run MDD_NDAR_INVWR872ZDB_restPA_run01_Yan2023
[2026-04-11 16:00:21] MDD_NDAR_INVLD269XMU_restPA_run01_Yan2023 decomposed
[2026-04-11 16:00:22] Starting MEMD for run MDD_NDAR_INVZU586UPF_restPA_run01_Yan2023
[2026-04-11 16:25:36] MDD_NDAR_INVVP179WTP_restPA_run01_Yan2023 decomposed
[2026-04-11 16:25:37] Starting MEMD for run MDD_NDAR_INVNB949AXM_restPA_run01_Yan2023
[2026-04-11 16:25:40] MDD_NDAR_INVXA261ZAL_restPA_run01_Yan2023 decomposed
[2026-04-11 16:25:40] Starting MEMD for run MDD_NDAR_INVJP751NXV_restPA_run01_Yan2023
[2026-04-11 16:26:50] MDD_NDAR_INVRX371YHK_restPA_run01_Yan2023 decomposed
[2026-04-11 16:26:50] Starting MEMD for run MDD_NDAR_INVZY232VM1_restPA_run01_Yan2023
[2026-04-11 16:26:51] MDD_NDAR_INVKH279ZDZ_restPA_run01_Yan2023 decomposed
[2026-04-11 16:26:51] Starting MEMD for run MDD_NDAR_INVDP288XND_restPA_run01_Yan2023
[2026-04-11 16:27:13] MDD_NDAR_INVUZ656BRT_restPA_run01_Yan2023 decomposed
[2026-04-11 16:27:13] Starting MEMD for run MDD_NDAR_INVBL733HBP_restPA_run01_Yan2023
[2026-04-11 16:30:03] MDD_NDAR_INVUY799LKJ_restPA_run01_Yan2023 decomposed
[2026-04-11 16:42:17] MDD_NDAR_INVWR872ZDB_restPA_run01_Yan2023 decomposed
[2026-04-11 16:45:46] MDD_NDAR_INVZU586UPF_restPA_run01_Yan2023 decomposed
[2026-04-11 17:03:54] MDD_NDAR_INVDP288XND_restPA_run01_Yan2023 decomposed
[2026-04-11 17:09:15] MDD_NDAR_INVJP751NXV_restPA_run01_Yan2023 decomposed
[2026-04-11 17:10:04] MDD_NDAR_INVBL733HBP_restPA_run01_Yan2023 decomposed
[2026-04-11 17:18:27] MDD_NDAR_INVZY232VM1_restPA_run01_Yan2023 decomposed
[2026-04-11 17:22:06] MDD_NDAR_INVNB949AXM_restPA_run01_Yan2023 decomposed
[2026-04-11 18:25:25] Starting MEMD pipeline for MDD - restAP runs with atlas Yan2023
[2026-04-11 18:25:26] Starting MEMD for run MDD_NDAR_INVEY681MZ7_restAP_run01_Yan2023
[2026-04-11 18:25:26] Starting MEMD for run MDD_NDAR_INVWU297KRB_restAP_run01_Yan2023
[2026-04-11 18:25:26] Starting MEMD for run MDD_NDAR_INVHW100CDA_restAP_run01_Yan2023
[2026-04-11 18:25:26] Starting MEMD for run MDD_NDAR_INVTR059ATR_restAP_run01_Yan2023
[2026-04-11 18:25:26] Starting MEMD for run MDD_NDAR_INVLD269XMU_restAP_run01_Yan2023
[2026-04-11 18:25:26] Starting MEMD for run MDD_NDAR_INVRC807HPA_restAP_run01_Yan2023
[2026-04-11 18:25:26] Starting MEMD for run MDD_NDAR_INVUX642KUY_restAP_run01_Yan2023
[2026-04-11 18:25:26] Starting MEMD for run MDD_NDAR_INVLT949NAG_restAP_run01_Yan2023
[2026-04-11 19:11:57] MDD_NDAR_INVLT949NAG_restAP_run01_Yan2023 decomposed
[2026-04-11 19:11:57] Starting MEMD for run MDD_NDAR_INVUY799LKJ_restAP_run01_Yan2023
[2026-04-11 19:13:06] MDD_NDAR_INVLD269XMU_restAP_run01_Yan2023 decomposed
[2026-04-11 19:13:06] Starting MEMD for run MDD_NDAR_INVKH279ZDZ_restAP_run01_Yan2023
[2026-04-11 19:13:23] MDD_NDAR_INVWU297KRB_restAP_run01_Yan2023 decomposed
[2026-04-11 19:13:23] Starting MEMD for run MDD_NDAR_INVVP179WTP_restAP_run01_Yan2023
[2026-04-11 19:14:13] MDD_NDAR_INVUX642KUY_restAP_run01_Yan2023 decomposed
[2026-04-11 19:14:13] Starting MEMD for run MDD_NDAR_INVUZ656BRT_restAP_run01_Yan2023
[2026-04-11 19:16:32] MDD_NDAR_INVTR059ATR_restAP_run01_Yan2023 decomposed
[2026-04-11 19:16:32] Starting MEMD for run MDD_NDAR_INVXA261ZAL_restAP_run01_Yan2023
[2026-04-11 19:17:30] MDD_NDAR_INVEY681MZ7_restAP_run01_Yan2023 decomposed
[2026-04-11 19:17:30] Starting MEMD for run MDD_NDAR_INVRX371YHK_restAP_run01_Yan2023
[2026-04-11 19:21:26] MDD_NDAR_INVHW100CDA_restAP_run01_Yan2023 decomposed
[2026-04-11 19:21:26] Starting MEMD for run MDD_NDAR_INVWR872ZDB_restAP_run01_Yan2023
[2026-04-11 19:23:38] MDD_NDAR_INVRC807HPA_restAP_run01_Yan2023 decomposed
[2026-04-11 19:23:38] Starting MEMD for run MDD_NDAR_INVZU586UPF_restAP_run01_Yan2023
[2026-04-11 19:49:23] MDD_NDAR_INVKH279ZDZ_restAP_run01_Yan2023 decomposed
[2026-04-11 19:49:24] Starting MEMD for run MDD_NDAR_INVNB949AXM_restAP_run01_Yan2023
[2026-04-11 20:04:40] MDD_NDAR_INVZU586UPF_restAP_run01_Yan2023 decomposed
[2026-04-11 20:04:40] Starting MEMD for run MDD_NDAR_INVJP751NXV_restAP_run01_Yan2023
[2026-04-11 20:05:52] MDD_NDAR_INVUZ656BRT_restAP_run01_Yan2023 decomposed
[2026-04-11 20:05:53] Starting MEMD for run MDD_NDAR_INVZY232VM1_restAP_run01_Yan2023
[2026-04-11 20:07:06] MDD_NDAR_INVXA261ZAL_restAP_run01_Yan2023 decomposed
[2026-04-11 20:07:06] Starting MEMD for run MDD_NDAR_INVDP288XND_restAP_run01_Yan2023
[2026-04-11 20:11:43] MDD_NDAR_INVVP179WTP_restAP_run01_Yan2023 decomposed
[2026-04-11 20:11:43] Starting MEMD for run MDD_NDAR_INVBL733HBP_restAP_run01_Yan2023
[2026-04-11 20:19:04] MDD_NDAR_INVRX371YHK_restAP_run01_Yan2023 decomposed
[2026-04-11 20:21:21] MDD_NDAR_INVUY799LKJ_restAP_run01_Yan2023 decomposed
[2026-04-11 20:25:38] MDD_NDAR_INVWR872ZDB_restAP_run01_Yan2023 decomposed
[2026-04-11 20:33:47] MDD_NDAR_INVNB949AXM_restAP_run01_Yan2023 decomposed
[2026-04-11 20:46:10] MDD_NDAR_INVZY232VM1_restAP_run01_Yan2023 decomposed
[2026-04-11 20:46:27] MDD_NDAR_INVBL733HBP_restAP_run01_Yan2023 decomposed
[2026-04-11 20:46:37] MDD_NDAR_INVDP288XND_restAP_run01_Yan2023 decomposed
[2026-04-11 21:01:26] MDD_NDAR_INVJP751NXV_restAP_run01_Yan2023 decomposed
