[2026-01-03 14:44:12] Run HC_NDAR_INVAL101MH2_restPA_run01_Schaefer400: IMF center frequencies: [0.44546, 0.22558, 0.11016, 0.05995, 0.03259, 0.01863, 0.00925, 0.0061, 0.00655, 0.0]
Slow-3 IMFs: [2] with center freqs [0.1102]
Slow-4 IMFs: [3, 4] with center freqs [0.06, 0.0326]
Slow-5 IMFs: [5] with center freqs [0.0186]

[2026-01-03 14:44:13] Run HC_NDAR_INVAL101MH2_restPA_run01_Yan2023: IMF center frequencies: [0.44546, 0.22558, 0.11016, 0.05995, 0.03259, 0.01863, 0.00925, 0.0061, 0.00655, 0.0]
Slow-3 IMFs: [2] with center freqs [0.1102]
Slow-4 IMFs: [3, 4] with center freqs [0.06, 0.0326]
Slow-5 IMFs: [5] with center freqs [0.0186]

[2026-01-03 14:44:13] Run HC_NDAR_INVCW125BLA_restPA_run01_Schaefer400: IMF center frequencies: [0.41191, 0.21505, 0.09348, 0.04564, 0.02574, 0.01198, 0.00737, 0.00388, 1e-05]
Slow-3 IMFs: [2] with center freqs [0.0935]
Slow-4 IMFs: [3] with center freqs [0.0456]
Slow-5 IMFs: [4, 5] with center freqs [0.0257, 0.012]

[2026-01-03 14:44:13] Run HC_NDAR_INVCW125BLA_restPA_run01_Yan2023: IMF center frequencies: [0.41191, 0.21505, 0.09348, 0.04564, 0.02574, 0.01198, 0.00737, 0.00388, 1e-05]
Slow-3 IMFs: [2] with center freqs [0.0935]
Slow-4 IMFs: [3] with center freqs [0.0456]
Slow-5 IMFs: [4, 5] with center freqs [0.0257, 0.012]

[2026-01-03 14:44:13] Run HC_NDAR_INVDC524THW_restPA_run01_Schaefer400: IMF center frequencies: [0.41041, 0.25405, 0.1367, 0.0805, 0.04131, 0.0256, 0.01419, 0.00745, 0.00342, 2e-05]
Slow-3 IMFs: [2, 3] with center freqs [0.1367, 0.0805]
Slow-4 IMFs: [4] with center freqs [0.0413]
Slow-5 IMFs: [5, 6] with center freqs [0.0256, 0.0142]

[2026-01-03 14:44:13] Run HC_NDAR_INVDC524THW_restPA_run01_Yan2023: IMF center frequencies: [0.41041, 0.25405, 0.1367, 0.0805, 0.04131, 0.0256, 0.01419, 0.00745, 0.00342, 2e-05]
Slow-3 IMFs: [2, 3] with center freqs [0.1367, 0.0805]
Slow-4 IMFs: [4] with center freqs [0.0413]
Slow-5 IMFs: [5, 6] with center freqs [0.0256, 0.0142]

[2026-01-03 14:44:14] Run HC_NDAR_INVDD155BRR_restPA_run01_Schaefer400: IMF center frequencies: [0.40696, 0.2377, 0.09247, 0.04701, 0.02401, 0.01537, 0.00873, 0.00659, 0.0]
Slow-3 IMFs: [2] with center freqs [0.0925]
Slow-4 IMFs: [3] with center freqs [0.047]
Slow-5 IMFs: [4, 5] with center freqs [0.024, 0.0154]

[2026-01-03 14:44:14] Run HC_NDAR_INVDD155BRR_restPA_run01_Yan2023: IMF center frequencies: [0.40696, 0.2377, 0.09247, 0.04701, 0.02401, 0.01537, 0.00873, 0.00659, 0.0]
Slow-3 IMFs: [2] with center freqs [0.0925]
Slow-4 IMFs: [3] with center freqs [0.047]
Slow-5 IMFs: [4, 5] with center freqs [0.024, 0.0154]

[2026-01-03 14:44:14] Run HC_NDAR_INVDK220VPQ_restPA_run01_Schaefer400: IMF center frequencies: [0.40925, 0.21473, 0.09832, 0.05269, 0.02857, 0.01508, 0.00803, 0.00551, 1e-05]
Slow-3 IMFs: [2] with center freqs [0.0983]
Slow-4 IMFs: [3, 4] with center freqs [0.0527, 0.0286]
Slow-5 IMFs: [5] with center freqs [0.0151]

[2026-01-03 14:44:14] Run HC_NDAR_INVDK220VPQ_restPA_run01_Yan2023: IMF center frequencies: [0.40925, 0.21473, 0.09832, 0.05269, 0.02857, 0.01508, 0.00803, 0.00551, 1e-05]
Slow-3 IMFs: [2] with center freqs [0.0983]
Slow-4 IMFs: [3, 4] with center freqs [0.0527, 0.0286]
Slow-5 IMFs: [5] with center freqs [0.0151]

[2026-01-03 14:44:14] Run HC_NDAR_INVDM785DVB_restPA_run01_Schaefer400: IMF center frequencies: [0.43179, 0.22608, 0.10991, 0.05229, 0.03234, 0.01767, 0.01007, 0.0066, 0.00455, 1e-05]
Slow-3 IMFs: [2] with center freqs [0.1099]
Slow-4 IMFs: [3, 4] with center freqs [0.0523, 0.0323]
Slow-5 IMFs: [5, 6] with center freqs [0.0177, 0.0101]

[2026-01-03 14:44:15] Run HC_NDAR_INVDM785DVB_restPA_run01_Yan2023: IMF center frequencies: [0.43179, 0.22608, 0.10991, 0.05229, 0.03234, 0.01767, 0.01007, 0.0066, 0.00455, 1e-05]
Slow-3 IMFs: [2] with center freqs [0.1099]
Slow-4 IMFs: [3, 4] with center freqs [0.0523, 0.0323]
Slow-5 IMFs: [5, 6] with center freqs [0.0177, 0.0101]

[2026-01-03 14:44:15] Run HC_NDAR_INVFW143KVU_restPA_run01_Schaefer400: IMF center frequencies: [0.439, 0.23296, 0.0997, 0.0595, 0.03177, 0.01687, 0.00886, 0.00596, 2e-05]
Slow-3 IMFs: [2] with center freqs [0.0997]
Slow-4 IMFs: [3, 4] with center freqs [0.0595, 0.0318]
Slow-5 IMFs: [5] with center freqs [0.0169]

[2026-01-03 14:44:15] Run HC_NDAR_INVFW143KVU_restPA_run01_Yan2023: IMF center frequencies: [0.439, 0.23296, 0.0997, 0.0595, 0.03177, 0.01687, 0.00886, 0.00596, 2e-05]
Slow-3 IMFs: [2] with center freqs [0.0997]
Slow-4 IMFs: [3, 4] with center freqs [0.0595, 0.0318]
Slow-5 IMFs: [5] with center freqs [0.0169]

[2026-01-03 14:44:15] Run HC_NDAR_INVGN082RP7_restPA_run01_Schaefer400: IMF center frequencies: [0.43467, 0.24643, 0.1113, 0.05993, 0.0341, 0.0197, 0.01135, 0.00787, 1e-05]
Slow-3 IMFs: [2] with center freqs [0.1113]
Slow-4 IMFs: [3, 4] with center freqs [0.0599, 0.0341]
Slow-5 IMFs: [5, 6] with center freqs [0.0197, 0.0114]

[2026-01-03 14:44:16] Run HC_NDAR_INVGN082RP7_restPA_run01_Yan2023: IMF center frequencies: [0.43467, 0.24643, 0.1113, 0.05993, 0.0341, 0.0197, 0.01135, 0.00787, 1e-05]
Slow-3 IMFs: [2] with center freqs [0.1113]
Slow-4 IMFs: [3, 4] with center freqs [0.0599, 0.0341]
Slow-5 IMFs: [5, 6] with center freqs [0.0197, 0.0114]

[2026-01-03 14:44:16] Run HC_NDAR_INVHG032NYJ_restPA_run01_Schaefer400: IMF center frequencies: [0.42511, 0.23595, 0.11916, 0.0521, 0.03233, 0.01823, 0.01059, 0.00601, 0.00289, 1e-05]
Slow-3 IMFs: [2] with center freqs [0.1192]
Slow-4 IMFs: [3, 4] with center freqs [0.0521, 0.0323]
Slow-5 IMFs: [5, 6] with center freqs [0.0182, 0.0106]

[2026-01-03 14:44:16] Run HC_NDAR_INVHG032NYJ_restPA_run01_Yan2023: IMF center frequencies: [0.42511, 0.23595, 0.11916, 0.0521, 0.03233, 0.01823, 0.01059, 0.00601, 0.00289, 1e-05]
Slow-3 IMFs: [2] with center freqs [0.1192]
Slow-4 IMFs: [3, 4] with center freqs [0.0521, 0.0323]
Slow-5 IMFs: [5, 6] with center freqs [0.0182, 0.0106]

[2026-01-03 14:44:16] Run HC_NDAR_INVJT253NWQ_restPA_run01_Schaefer400: IMF center frequencies: [0.43125, 0.23973, 0.10106, 0.05746, 0.0325, 0.01538, 0.01092, 0.00658, 2e-05]
Slow-3 IMFs: [2] with center freqs [0.1011]
Slow-4 IMFs: [3, 4] with center freqs [0.0575, 0.0325]
Slow-5 IMFs: [5, 6] with center freqs [0.0154, 0.0109]

[2026-01-03 14:44:16] Run HC_NDAR_INVJT253NWQ_restPA_run01_Yan2023: IMF center frequencies: [0.43125, 0.23973, 0.10106, 0.05746, 0.0325, 0.01538, 0.01092, 0.00658, 2e-05]
Slow-3 IMFs: [2] with center freqs [0.1011]
Slow-4 IMFs: [3, 4] with center freqs [0.0575, 0.0325]
Slow-5 IMFs: [5, 6] with center freqs [0.0154, 0.0109]

[2026-01-03 14:44:17] Run HC_NDAR_INVKD900ED7_restPA_run01_Schaefer400: IMF center frequencies: [0.44308, 0.24633, 0.12069, 0.06396, 0.03387, 0.02019, 0.00976, 0.0064, 0.00274, 1e-05]
Slow-3 IMFs: [2] with center freqs [0.1207]
Slow-4 IMFs: [3, 4] with center freqs [0.064, 0.0339]
Slow-5 IMFs: [5] with center freqs [0.0202]

[2026-01-03 14:44:17] Run HC_NDAR_INVKD900ED7_restPA_run01_Yan2023: IMF center frequencies: [0.44308, 0.24633, 0.12069, 0.06396, 0.03387, 0.02019, 0.00976, 0.0064, 0.00274, 1e-05]
Slow-3 IMFs: [2] with center freqs [0.1207]
Slow-4 IMFs: [3, 4] with center freqs [0.064, 0.0339]
Slow-5 IMFs: [5] with center freqs [0.0202]

[2026-01-03 14:44:17] Run HC_NDAR_INVKH965NN0_restPA_run01_Schaefer400: IMF center frequencies: [0.44189, 0.23777, 0.11348, 0.05874, 0.02903, 0.01456, 0.00851, 0.00392, 1e-05]
Slow-3 IMFs: [2] with center freqs [0.1135]
Slow-4 IMFs: [3, 4] with center freqs [0.0587, 0.029]
Slow-5 IMFs: [5] with center freqs [0.0146]

[2026-01-03 14:44:17] Run HC_NDAR_INVKH965NN0_restPA_run01_Yan2023: IMF center frequencies: [0.44189, 0.23777, 0.11348, 0.05874, 0.02903, 0.01456, 0.00851, 0.00392, 1e-05]
Slow-3 IMFs: [2] with center freqs [0.1135]
Slow-4 IMFs: [3, 4] with center freqs [0.0587, 0.029]
Slow-5 IMFs: [5] with center freqs [0.0146]

[2026-01-03 14:44:17] Run HC_NDAR_INVKX727WL8_restPA_run01_Schaefer400: IMF center frequencies: [0.42594, 0.26486, 0.11804, 0.04716, 0.02957, 0.01805, 0.01063, 0.00564, 0.00572, 0.0]
Slow-3 IMFs: [2] with center freqs [0.118]
Slow-4 IMFs: [3, 4] with center freqs [0.0472, 0.0296]
Slow-5 IMFs: [5, 6] with center freqs [0.018, 0.0106]

[2026-01-03 14:44:18] Run HC_NDAR_INVKX727WL8_restPA_run01_Yan2023: IMF center frequencies: [0.42594, 0.26486, 0.11804, 0.04716, 0.02957, 0.01805, 0.01063, 0.00564, 0.00572, 0.0]
Slow-3 IMFs: [2] with center freqs [0.118]
Slow-4 IMFs: [3, 4] with center freqs [0.0472, 0.0296]
Slow-5 IMFs: [5, 6] with center freqs [0.018, 0.0106]

[2026-01-03 14:44:18] Run HC_NDAR_INVPG675JPX_restPA_run01_Schaefer400: IMF center frequencies: [0.4421, 0.23244, 0.08914, 0.04899, 0.02485, 0.01483, 0.00856, 0.00607, 0.00325, 1e-05]
Slow-3 IMFs: [2] with center freqs [0.0891]
Slow-4 IMFs: [3] with center freqs [0.049]
Slow-5 IMFs: [4, 5] with center freqs [0.0248, 0.0148]

[2026-01-03 14:44:18] Run HC_NDAR_INVPG675JPX_restPA_run01_Yan2023: IMF center frequencies: [0.4421, 0.23244, 0.08914, 0.04899, 0.02485, 0.01483, 0.00856, 0.00607, 0.00325, 1e-05]
Slow-3 IMFs: [2] with center freqs [0.0891]
Slow-4 IMFs: [3] with center freqs [0.049]
Slow-5 IMFs: [4, 5] with center freqs [0.0248, 0.0148]

[2026-01-03 14:44:18] Run HC_NDAR_INVUA181LXU_restPA_run01_Schaefer400: IMF center frequencies: [0.3905, 0.21422, 0.10599, 0.05108, 0.02544, 0.01335, 0.00626, 0.00495, 1e-05]
Slow-3 IMFs: [2] with center freqs [0.106]
Slow-4 IMFs: [3] with center freqs [0.0511]
Slow-5 IMFs: [4, 5] with center freqs [0.0254, 0.0133]

[2026-01-03 14:44:19] Run HC_NDAR_INVUA181LXU_restPA_run01_Yan2023: IMF center frequencies: [0.3905, 0.21422, 0.10599, 0.05108, 0.02544, 0.01335, 0.00626, 0.00495, 1e-05]
Slow-3 IMFs: [2] with center freqs [0.106]
Slow-4 IMFs: [3] with center freqs [0.0511]
Slow-5 IMFs: [4, 5] with center freqs [0.0254, 0.0133]

[2026-01-03 14:44:19] Run HC_NDAR_INVWE937RD6_restPA_run01_Schaefer400: IMF center frequencies: [0.43721, 0.20038, 0.09689, 0.05572, 0.03482, 0.0181, 0.00869, 0.00697, 1e-05]
Slow-3 IMFs: [2] with center freqs [0.0969]
Slow-4 IMFs: [3, 4] with center freqs [0.0557, 0.0348]
Slow-5 IMFs: [5] with center freqs [0.0181]

[2026-01-03 14:44:19] Run HC_NDAR_INVWE937RD6_restPA_run01_Yan2023: IMF center frequencies: [0.43721, 0.20038, 0.09689, 0.05572, 0.03482, 0.0181, 0.00869, 0.00697, 1e-05]
Slow-3 IMFs: [2] with center freqs [0.0969]
Slow-4 IMFs: [3, 4] with center freqs [0.0557, 0.0348]
Slow-5 IMFs: [5] with center freqs [0.0181]

[2026-01-03 14:44:19] Run HC_NDAR_INVWJ708RM0_restPA_run01_Schaefer400: IMF center frequencies: [0.43279, 0.24046, 0.13544, 0.07041, 0.03243, 0.02366, 0.01142, 0.00607, 0.00262, 0.0]
Slow-3 IMFs: [2] with center freqs [0.1354]
Slow-4 IMFs: [3, 4] with center freqs [0.0704, 0.0324]
Slow-5 IMFs: [5, 6] with center freqs [0.0237, 0.0114]

[2026-01-03 14:44:19] Run HC_NDAR_INVWJ708RM0_restPA_run01_Yan2023: IMF center frequencies: [0.43279, 0.24046, 0.13544, 0.07041, 0.03243, 0.02366, 0.01142, 0.00607, 0.00262, 0.0]
Slow-3 IMFs: [2] with center freqs [0.1354]
Slow-4 IMFs: [3, 4] with center freqs [0.0704, 0.0324]
Slow-5 IMFs: [5, 6] with center freqs [0.0237, 0.0114]

[2026-01-03 14:44:20] Run HC_NDAR_INVWL810FRT_restPA_run01_Schaefer400: IMF center frequencies: [0.41225, 0.20706, 0.10025, 0.05523, 0.02061, 0.01057, 0.00717, 0.00262, 1e-05]
Slow-3 IMFs: [2] with center freqs [0.1003]
Slow-4 IMFs: [3] with center freqs [0.0552]
Slow-5 IMFs: [4, 5] with center freqs [0.0206, 0.0106]

[2026-01-03 14:44:20] Run HC_NDAR_INVWL810FRT_restPA_run01_Yan2023: IMF center frequencies: [0.41225, 0.20706, 0.10025, 0.05523, 0.02061, 0.01057, 0.00717, 0.00262, 1e-05]
Slow-3 IMFs: [2] with center freqs [0.1003]
Slow-4 IMFs: [3] with center freqs [0.0552]
Slow-5 IMFs: [4, 5] with center freqs [0.0206, 0.0106]

[2026-01-03 14:44:20] Run HC_NDAR_INVXJ707NAE_restPA_run01_Schaefer400: IMF center frequencies: [0.43162, 0.20677, 0.10217, 0.05787, 0.03132, 0.01582, 0.01079, 0.00601, 1e-05]
Slow-3 IMFs: [2] with center freqs [0.1022]
Slow-4 IMFs: [3, 4] with center freqs [0.0579, 0.0313]
Slow-5 IMFs: [5, 6] with center freqs [0.0158, 0.0108]

[2026-01-03 14:44:20] Run HC_NDAR_INVXJ707NAE_restPA_run01_Yan2023: IMF center frequencies: [0.43162, 0.20677, 0.10217, 0.05787, 0.03132, 0.01582, 0.01079, 0.00601, 1e-05]
Slow-3 IMFs: [2] with center freqs [0.1022]
Slow-4 IMFs: [3, 4] with center freqs [0.0579, 0.0313]
Slow-5 IMFs: [5, 6] with center freqs [0.0158, 0.0108]

[2026-01-03 14:44:20] Run HC_NDAR_INVXM223BAP_restPA_run01_Schaefer400: IMF center frequencies: [0.42926, 0.22602, 0.10845, 0.05762, 0.03255, 0.01919, 0.01012, 0.00657, 1e-05]
Slow-3 IMFs: [2] with center freqs [0.1085]
Slow-4 IMFs: [3, 4] with center freqs [0.0576, 0.0326]
Slow-5 IMFs: [5, 6] with center freqs [0.0192, 0.0101]

[2026-01-03 14:44:21] Run HC_NDAR_INVXM223BAP_restPA_run01_Yan2023: IMF center frequencies: [0.42926, 0.22602, 0.10845, 0.05762, 0.03255, 0.01919, 0.01012, 0.00657, 1e-05]
Slow-3 IMFs: [2] with center freqs [0.1085]
Slow-4 IMFs: [3, 4] with center freqs [0.0576, 0.0326]
Slow-5 IMFs: [5, 6] with center freqs [0.0192, 0.0101]

[2026-01-03 14:44:21] Run HC_NDAR_INVZB896FPZ_restPA_run01_Schaefer400: IMF center frequencies: [0.44345, 0.23235, 0.09052, 0.04948, 0.02513, 0.01398, 0.00798, 0.00345, 1e-05]
Slow-3 IMFs: [2] with center freqs [0.0905]
Slow-4 IMFs: [3] with center freqs [0.0495]
Slow-5 IMFs: [4, 5] with center freqs [0.0251, 0.014]

[2026-01-03 14:44:21] Run HC_NDAR_INVZB896FPZ_restPA_run01_Yan2023: IMF center frequencies: [0.44345, 0.23235, 0.09052, 0.04948, 0.02513, 0.01398, 0.00798, 0.00345, 1e-05]
Slow-3 IMFs: [2] with center freqs [0.0905]
Slow-4 IMFs: [3] with center freqs [0.0495]
Slow-5 IMFs: [4, 5] with center freqs [0.0251, 0.014]

[2026-01-03 14:44:21] Run MDD_NDAR_INVBL733HBP_restPA_run01_Schaefer400: IMF center frequencies: [0.40053, 0.17825, 0.09366, 0.05062, 0.02909, 0.01485, 0.00991, 0.00532, 0.00272, 0.0]
Slow-3 IMFs: [1, 2] with center freqs [0.1782, 0.0937]
Slow-4 IMFs: [3, 4] with center freqs [0.0506, 0.0291]
Slow-5 IMFs: [5] with center freqs [0.0148]

[2026-01-03 14:44:21] Run MDD_NDAR_INVBL733HBP_restPA_run01_Yan2023: IMF center frequencies: [0.40053, 0.17825, 0.09366, 0.05062, 0.02909, 0.01485, 0.00991, 0.00532, 0.00272, 0.0]
Slow-3 IMFs: [1, 2] with center freqs [0.1782, 0.0937]
Slow-4 IMFs: [3, 4] with center freqs [0.0506, 0.0291]
Slow-5 IMFs: [5] with center freqs [0.0148]

[2026-01-03 14:44:22] Run MDD_NDAR_INVDP288XND_restPA_run01_Schaefer400: IMF center frequencies: [0.44469, 0.23028, 0.10445, 0.05669, 0.02912, 0.01472, 0.00836, 0.00589, 0.0]
Slow-3 IMFs: [2] with center freqs [0.1045]
Slow-4 IMFs: [3, 4] with center freqs [0.0567, 0.0291]
Slow-5 IMFs: [5] with center freqs [0.0147]

[2026-01-03 14:44:22] Run MDD_NDAR_INVDP288XND_restPA_run01_Yan2023: IMF center frequencies: [0.44469, 0.23028, 0.10445, 0.05669, 0.02912, 0.01472, 0.00836, 0.00589, 0.0]
Slow-3 IMFs: [2] with center freqs [0.1045]
Slow-4 IMFs: [3, 4] with center freqs [0.0567, 0.0291]
Slow-5 IMFs: [5] with center freqs [0.0147]

[2026-01-03 14:44:22] Run MDD_NDAR_INVEY681MZ7_restPA_run01_Schaefer400: IMF center frequencies: [0.40014, 0.17936, 0.09209, 0.04655, 0.02254, 0.01411, 0.0083, 0.00333, 1e-05]
Slow-3 IMFs: [1, 2] with center freqs [0.1794, 0.0921]
Slow-4 IMFs: [3] with center freqs [0.0465]
Slow-5 IMFs: [4, 5] with center freqs [0.0225, 0.0141]

[2026-01-03 14:44:22] Run MDD_NDAR_INVEY681MZ7_restPA_run01_Yan2023: IMF center frequencies: [0.40014, 0.17936, 0.09209, 0.04655, 0.02254, 0.01411, 0.0083, 0.00333, 1e-05]
Slow-3 IMFs: [1, 2] with center freqs [0.1794, 0.0921]
Slow-4 IMFs: [3] with center freqs [0.0465]
Slow-5 IMFs: [4, 5] with center freqs [0.0225, 0.0141]

[2026-01-03 14:44:22] Run MDD_NDAR_INVHW100CDA_restPA_run01_Schaefer400: IMF center frequencies: [0.41752, 0.24979, 0.1288, 0.06751, 0.0346, 0.02015, 0.01044, 0.00515, 0.00262, 1e-05]
Slow-3 IMFs: [2] with center freqs [0.1288]
Slow-4 IMFs: [3, 4] with center freqs [0.0675, 0.0346]
Slow-5 IMFs: [5, 6] with center freqs [0.0202, 0.0104]

[2026-01-03 14:44:23] Run MDD_NDAR_INVHW100CDA_restPA_run01_Yan2023: IMF center frequencies: [0.41752, 0.24979, 0.1288, 0.06751, 0.0346, 0.02015, 0.01044, 0.00515, 0.00262, 1e-05]
Slow-3 IMFs: [2] with center freqs [0.1288]
Slow-4 IMFs: [3, 4] with center freqs [0.0675, 0.0346]
Slow-5 IMFs: [5, 6] with center freqs [0.0202, 0.0104]

[2026-01-03 14:44:23] Run MDD_NDAR_INVJP751NXV_restPA_run01_Schaefer400: IMF center frequencies: [0.42252, 0.2394, 0.10343, 0.06093, 0.03154, 0.01741, 0.00841, 0.00718, 2e-05]
Slow-3 IMFs: [2] with center freqs [0.1034]
Slow-4 IMFs: [3, 4] with center freqs [0.0609, 0.0315]
Slow-5 IMFs: [5] with center freqs [0.0174]

[2026-01-03 14:44:24] Run MDD_NDAR_INVJP751NXV_restPA_run01_Yan2023: IMF center frequencies: [0.42252, 0.2394, 0.10343, 0.06093, 0.03154, 0.01741, 0.00841, 0.00718, 2e-05]
Slow-3 IMFs: [2] with center freqs [0.1034]
Slow-4 IMFs: [3, 4] with center freqs [0.0609, 0.0315]
Slow-5 IMFs: [5] with center freqs [0.0174]

[2026-01-03 14:44:24] Run MDD_NDAR_INVKH279ZDZ_restPA_run01_Schaefer400: IMF center frequencies: [0.42592, 0.2219, 0.10477, 0.06105, 0.03591, 0.01999, 0.01273, 0.0069, 0.00278, 1e-05]
Slow-3 IMFs: [2] with center freqs [0.1048]
Slow-4 IMFs: [3, 4] with center freqs [0.061, 0.0359]
Slow-5 IMFs: [5, 6] with center freqs [0.02, 0.0127]

[2026-01-03 14:44:24] Run MDD_NDAR_INVKH279ZDZ_restPA_run01_Yan2023: IMF center frequencies: [0.42592, 0.2219, 0.10477, 0.06105, 0.03591, 0.01999, 0.01273, 0.0069, 0.00278, 1e-05]
Slow-3 IMFs: [2] with center freqs [0.1048]
Slow-4 IMFs: [3, 4] with center freqs [0.061, 0.0359]
Slow-5 IMFs: [5, 6] with center freqs [0.02, 0.0127]

[2026-01-03 14:44:24] Run MDD_NDAR_INVLD269XMU_restPA_run01_Schaefer400: IMF center frequencies: [0.40364, 0.22022, 0.10245, 0.05584, 0.03475, 0.02082, 0.01311, 0.00751, 0.00629, 0.0]
Slow-3 IMFs: [2] with center freqs [0.1025]
Slow-4 IMFs: [3, 4] with center freqs [0.0558, 0.0348]
Slow-5 IMFs: [5, 6] with center freqs [0.0208, 0.0131]

[2026-01-03 14:44:25] Run MDD_NDAR_INVLD269XMU_restPA_run01_Yan2023: IMF center frequencies: [0.40364, 0.22022, 0.10245, 0.05584, 0.03475, 0.02082, 0.01311, 0.00751, 0.00629, 0.0]
Slow-3 IMFs: [2] with center freqs [0.1025]
Slow-4 IMFs: [3, 4] with center freqs [0.0558, 0.0348]
Slow-5 IMFs: [5, 6] with center freqs [0.0208, 0.0131]

[2026-01-03 14:44:25] Run MDD_NDAR_INVLT949NAG_restPA_run01_Schaefer400: IMF center frequencies: [0.41229, 0.18982, 0.09232, 0.04331, 0.02528, 0.01525, 0.01007, 0.00664, 0.0]
Slow-3 IMFs: [1, 2] with center freqs [0.1898, 0.0923]
Slow-4 IMFs: [3] with center freqs [0.0433]
Slow-5 IMFs: [4, 5, 6] with center freqs [0.0253, 0.0152, 0.0101]

[2026-01-03 14:44:25] Run MDD_NDAR_INVLT949NAG_restPA_run01_Yan2023: IMF center frequencies: [0.41229, 0.18982, 0.09232, 0.04331, 0.02528, 0.01525, 0.01007, 0.00664, 0.0]
Slow-3 IMFs: [1, 2] with center freqs [0.1898, 0.0923]
Slow-4 IMFs: [3] with center freqs [0.0433]
Slow-5 IMFs: [4, 5, 6] with center freqs [0.0253, 0.0152, 0.0101]

[2026-01-03 14:44:25] Run MDD_NDAR_INVNB949AXM_restPA_run01_Schaefer400: IMF center frequencies: [0.4334, 0.2606, 0.12337, 0.06967, 0.03985, 0.02097, 0.01134, 0.00735, 0.0047, 1e-05]
Slow-3 IMFs: [2] with center freqs [0.1234]
Slow-4 IMFs: [3, 4] with center freqs [0.0697, 0.0398]
Slow-5 IMFs: [5, 6] with center freqs [0.021, 0.0113]

[2026-01-03 14:44:26] Run MDD_NDAR_INVNB949AXM_restPA_run01_Yan2023: IMF center frequencies: [0.4334, 0.2606, 0.12337, 0.06967, 0.03985, 0.02097, 0.01134, 0.00735, 0.0047, 1e-05]
Slow-3 IMFs: [2] with center freqs [0.1234]
Slow-4 IMFs: [3, 4] with center freqs [0.0697, 0.0398]
Slow-5 IMFs: [5, 6] with center freqs [0.021, 0.0113]

[2026-01-03 14:44:26] Run MDD_NDAR_INVRC807HPA_restPA_run01_Schaefer400: IMF center frequencies: [0.41243, 0.22956, 0.10466, 0.05237, 0.02954, 0.01481, 0.0085, 0.00416, 0.0]
Slow-3 IMFs: [2] with center freqs [0.1047]
Slow-4 IMFs: [3, 4] with center freqs [0.0524, 0.0295]
Slow-5 IMFs: [5] with center freqs [0.0148]

[2026-01-03 14:44:26] Run MDD_NDAR_INVRC807HPA_restPA_run01_Yan2023: IMF center frequencies: [0.41243, 0.22956, 0.10466, 0.05237, 0.02954, 0.01481, 0.0085, 0.00416, 0.0]
Slow-3 IMFs: [2] with center freqs [0.1047]
Slow-4 IMFs: [3, 4] with center freqs [0.0524, 0.0295]
Slow-5 IMFs: [5] with center freqs [0.0148]

[2026-01-03 14:44:26] Run MDD_NDAR_INVRX371YHK_restPA_run01_Schaefer400: IMF center frequencies: [0.42878, 0.19152, 0.10614, 0.05741, 0.03034, 0.01969, 0.01052, 0.0049, 1e-05]
Slow-3 IMFs: [1, 2] with center freqs [0.1915, 0.1061]
Slow-4 IMFs: [3, 4] with center freqs [0.0574, 0.0303]
Slow-5 IMFs: [5, 6] with center freqs [0.0197, 0.0105]

[2026-01-03 14:44:26] Run MDD_NDAR_INVRX371YHK_restPA_run01_Yan2023: IMF center frequencies: [0.42878, 0.19152, 0.10614, 0.05741, 0.03034, 0.01969, 0.01052, 0.0049, 1e-05]
Slow-3 IMFs: [1, 2] with center freqs [0.1915, 0.1061]
Slow-4 IMFs: [3, 4] with center freqs [0.0574, 0.0303]
Slow-5 IMFs: [5, 6] with center freqs [0.0197, 0.0105]

[2026-01-03 14:44:27] Run MDD_NDAR_INVTR059ATR_restPA_run01_Schaefer400: IMF center frequencies: [0.4226, 0.18182, 0.11455, 0.06432, 0.03025, 0.01811, 0.00695, 0.00597, 0.00288, 0.00828, 0.0]
Slow-3 IMFs: [1, 2] with center freqs [0.1818, 0.1145]
Slow-4 IMFs: [3, 4] with center freqs [0.0643, 0.0303]
Slow-5 IMFs: [5] with center freqs [0.0181]

[2026-01-03 14:44:27] Run MDD_NDAR_INVTR059ATR_restPA_run01_Yan2023: IMF center frequencies: [0.4226, 0.18182, 0.11455, 0.06432, 0.03025, 0.01811, 0.00695, 0.00597, 0.00288, 0.00828, 0.0]
Slow-3 IMFs: [1, 2] with center freqs [0.1818, 0.1145]
Slow-4 IMFs: [3, 4] with center freqs [0.0643, 0.0303]
Slow-5 IMFs: [5] with center freqs [0.0181]

[2026-01-03 14:44:27] Run MDD_NDAR_INVUX642KUY_restPA_run01_Schaefer400: IMF center frequencies: [0.43564, 0.20589, 0.09797, 0.06072, 0.03588, 0.02161, 0.0132, 0.00856, 0.00558, 0.00429, 1e-05]
Slow-3 IMFs: [2] with center freqs [0.098]
Slow-4 IMFs: [3, 4] with center freqs [0.0607, 0.0359]
Slow-5 IMFs: [5, 6] with center freqs [0.0216, 0.0132]

[2026-01-03 14:44:27] Run MDD_NDAR_INVUX642KUY_restPA_run01_Yan2023: IMF center frequencies: [0.43564, 0.20589, 0.09797, 0.06072, 0.03588, 0.02161, 0.0132, 0.00856, 0.00558, 0.00429, 1e-05]
Slow-3 IMFs: [2] with center freqs [0.098]
Slow-4 IMFs: [3, 4] with center freqs [0.0607, 0.0359]
Slow-5 IMFs: [5, 6] with center freqs [0.0216, 0.0132]

[2026-01-03 14:44:27] Run MDD_NDAR_INVUY799LKJ_restPA_run01_Schaefer400: IMF center frequencies: [0.41156, 0.20757, 0.10996, 0.0571, 0.03173, 0.01681, 0.01148, 0.00658, 0.00774, 0.00596, 1e-05]
Slow-3 IMFs: [2] with center freqs [0.11]
Slow-4 IMFs: [3, 4] with center freqs [0.0571, 0.0317]
Slow-5 IMFs: [5, 6] with center freqs [0.0168, 0.0115]

[2026-01-03 14:44:28] Run MDD_NDAR_INVUY799LKJ_restPA_run01_Yan2023: IMF center frequencies: [0.41156, 0.20757, 0.10996, 0.0571, 0.03173, 0.01681, 0.01148, 0.00658, 0.00774, 0.00596, 1e-05]
Slow-3 IMFs: [2] with center freqs [0.11]
Slow-4 IMFs: [3, 4] with center freqs [0.0571, 0.0317]
Slow-5 IMFs: [5, 6] with center freqs [0.0168, 0.0115]

[2026-01-03 14:44:28] Run MDD_NDAR_INVUZ656BRT_restPA_run01_Schaefer400: IMF center frequencies: [0.40218, 0.25666, 0.13863, 0.07144, 0.03907, 0.02316, 0.01296, 0.00719, 0.00269, 1e-05]
Slow-3 IMFs: [2] with center freqs [0.1386]
Slow-4 IMFs: [3, 4] with center freqs [0.0714, 0.0391]
Slow-5 IMFs: [5, 6] with center freqs [0.0232, 0.013]

[2026-01-03 14:44:28] Run MDD_NDAR_INVUZ656BRT_restPA_run01_Yan2023: IMF center frequencies: [0.40218, 0.25666, 0.13863, 0.07144, 0.03907, 0.02316, 0.01296, 0.00719, 0.00269, 1e-05]
Slow-3 IMFs: [2] with center freqs [0.1386]
Slow-4 IMFs: [3, 4] with center freqs [0.0714, 0.0391]
Slow-5 IMFs: [5, 6] with center freqs [0.0232, 0.013]

[2026-01-03 14:44:28] Run MDD_NDAR_INVVP179WTP_restPA_run01_Schaefer400: IMF center frequencies: [0.42707, 0.23465, 0.09857, 0.05422, 0.03095, 0.01725, 0.00991, 0.00598, 0.00326, 0.00537, 0.00569, 1e-05]
Slow-3 IMFs: [2] with center freqs [0.0986]
Slow-4 IMFs: [3, 4] with center freqs [0.0542, 0.031]
Slow-5 IMFs: [5] with center freqs [0.0173]

[2026-01-03 14:44:29] Run MDD_NDAR_INVVP179WTP_restPA_run01_Yan2023: IMF center frequencies: [0.42707, 0.23465, 0.09857, 0.05422, 0.03095, 0.01725, 0.00991, 0.00598, 0.00326, 0.00537, 0.00569, 1e-05]
Slow-3 IMFs: [2] with center freqs [0.0986]
Slow-4 IMFs: [3, 4] with center freqs [0.0542, 0.031]
Slow-5 IMFs: [5] with center freqs [0.0173]

[2026-01-03 14:44:29] Run MDD_NDAR_INVWR872ZDB_restPA_run01_Schaefer400: IMF center frequencies: [0.40256, 0.20144, 0.09378, 0.05173, 0.03403, 0.01731, 0.0085, 0.00677, 0.0033, 1e-05]
Slow-3 IMFs: [2] with center freqs [0.0938]
Slow-4 IMFs: [3, 4] with center freqs [0.0517, 0.034]
Slow-5 IMFs: [5] with center freqs [0.0173]

[2026-01-03 14:44:29] Run MDD_NDAR_INVWR872ZDB_restPA_run01_Yan2023: IMF center frequencies: [0.40256, 0.20144, 0.09378, 0.05173, 0.03403, 0.01731, 0.0085, 0.00677, 0.0033, 1e-05]
Slow-3 IMFs: [2] with center freqs [0.0938]
Slow-4 IMFs: [3, 4] with center freqs [0.0517, 0.034]
Slow-5 IMFs: [5] with center freqs [0.0173]

[2026-01-03 14:44:29] Run MDD_NDAR_INVWU297KRB_restPA_run01_Schaefer400: IMF center frequencies: [0.43932, 0.21195, 0.11723, 0.05695, 0.03108, 0.01644, 0.00983, 0.00603, 0.00255, 0.0]
Slow-3 IMFs: [2] with center freqs [0.1172]
Slow-4 IMFs: [3, 4] with center freqs [0.0569, 0.0311]
Slow-5 IMFs: [5] with center freqs [0.0164]

[2026-01-03 14:44:30] Run MDD_NDAR_INVWU297KRB_restPA_run01_Yan2023: IMF center frequencies: [0.43932, 0.21195, 0.11723, 0.05695, 0.03108, 0.01644, 0.00983, 0.00603, 0.00255, 0.0]
Slow-3 IMFs: [2] with center freqs [0.1172]
Slow-4 IMFs: [3, 4] with center freqs [0.0569, 0.0311]
Slow-5 IMFs: [5] with center freqs [0.0164]

[2026-01-03 14:44:30] Run MDD_NDAR_INVXA261ZAL_restPA_run01_Schaefer400: IMF center frequencies: [0.40011, 0.17947, 0.09214, 0.04659, 0.02255, 0.01413, 0.00829, 0.00333, 1e-05]
Slow-3 IMFs: [1, 2] with center freqs [0.1795, 0.0921]
Slow-4 IMFs: [3] with center freqs [0.0466]
Slow-5 IMFs: [4, 5] with center freqs [0.0225, 0.0141]

[2026-01-03 14:44:30] Run MDD_NDAR_INVXA261ZAL_restPA_run01_Yan2023: IMF center frequencies: [0.40011, 0.17947, 0.09214, 0.04659, 0.02255, 0.01413, 0.00829, 0.00333, 1e-05]
Slow-3 IMFs: [1, 2] with center freqs [0.1795, 0.0921]
Slow-4 IMFs: [3] with center freqs [0.0466]
Slow-5 IMFs: [4, 5] with center freqs [0.0225, 0.0141]

[2026-01-03 14:44:30] Run MDD_NDAR_INVZU586UPF_restPA_run01_Schaefer400: IMF center frequencies: [0.40636, 0.22008, 0.10196, 0.05097, 0.02609, 0.01335, 0.00718, 0.00372, 1e-05]
Slow-3 IMFs: [2] with center freqs [0.102]
Slow-4 IMFs: [3] with center freqs [0.051]
Slow-5 IMFs: [4, 5] with center freqs [0.0261, 0.0134]

[2026-01-03 14:44:30] Run MDD_NDAR_INVZU586UPF_restPA_run01_Yan2023: IMF center frequencies: [0.40636, 0.22008, 0.10196, 0.05097, 0.02609, 0.01335, 0.00718, 0.00372, 1e-05]
Slow-3 IMFs: [2] with center freqs [0.102]
Slow-4 IMFs: [3] with center freqs [0.051]
Slow-5 IMFs: [4, 5] with center freqs [0.0261, 0.0134]

[2026-01-03 14:44:31] Run MDD_NDAR_INVZY232VM1_restPA_run01_Schaefer400: IMF center frequencies: [0.41202, 0.20322, 0.108, 0.05711, 0.03618, 0.01833, 0.00758, 0.0079, 0.00482, 4e-05]
Slow-3 IMFs: [2] with center freqs [0.108]
Slow-4 IMFs: [3, 4] with center freqs [0.0571, 0.0362]
Slow-5 IMFs: [5] with center freqs [0.0183]

[2026-01-03 14:44:31] Run MDD_NDAR_INVZY232VM1_restPA_run01_Yan2023: IMF center frequencies: [0.41202, 0.20322, 0.108, 0.05711, 0.03618, 0.01833, 0.00758, 0.0079, 0.00482, 4e-05]
Slow-3 IMFs: [2] with center freqs [0.108]
Slow-4 IMFs: [3, 4] with center freqs [0.0571, 0.0362]
Slow-5 IMFs: [5] with center freqs [0.0183]

[2026-01-09 18:07:32] Run HC_NDAR_INVDD155BRR_restAP_run01_Yan2023: IMF center frequencies: [0.38676, 0.23721, 0.09386, 0.0501, 0.02902, 0.01525, 0.01108, 0.00543, 1e-05]
Slow-3 IMFs: [2] with center freqs [0.0939]
Slow-4 IMFs: [3, 4] with center freqs [0.0501, 0.029]
Slow-5 IMFs: [5, 6] with center freqs [0.0152, 0.0111]

[2026-01-09 18:07:32] Run HC_NDAR_INVDC524THW_restAP_run01_Yan2023: IMF center frequencies: [0.3887, 0.23646, 0.12732, 0.06623, 0.03548, 0.01974, 0.01236, 0.00535, 0.00453, 1e-05]
Slow-3 IMFs: [2] with center freqs [0.1273]
Slow-4 IMFs: [3, 4] with center freqs [0.0662, 0.0355]
Slow-5 IMFs: [5, 6] with center freqs [0.0197, 0.0124]

[2026-01-09 18:07:32] Run HC_NDAR_INVDK220VPQ_restAP_run01_Yan2023: IMF center frequencies: [0.39254, 0.23105, 0.11864, 0.06319, 0.032, 0.02194, 0.01137, 0.0075, 0.00455, 1e-05]
Slow-3 IMFs: [2] with center freqs [0.1186]
Slow-4 IMFs: [3, 4] with center freqs [0.0632, 0.032]
Slow-5 IMFs: [5, 6] with center freqs [0.0219, 0.0114]

[2026-01-09 18:07:32] Run HC_NDAR_INVDM785DVB_restAP_run01_Yan2023: IMF center frequencies: [0.42665, 0.24354, 0.11391, 0.06264, 0.03225, 0.01648, 0.00795, 0.00572, 0.00376, 0.0]
Slow-3 IMFs: [2] with center freqs [0.1139]
Slow-4 IMFs: [3, 4] with center freqs [0.0626, 0.0323]
Slow-5 IMFs: [5] with center freqs [0.0165]

[2026-01-09 18:07:32] Run HC_NDAR_INVCW125BLA_restAP_run01_Yan2023: IMF center frequencies: [0.40972, 0.20671, 0.09683, 0.05683, 0.02964, 0.01564, 0.0106, 0.00431, 0.0077, 0.00543, 2e-05]
Slow-3 IMFs: [2] with center freqs [0.0968]
Slow-4 IMFs: [3, 4] with center freqs [0.0568, 0.0296]
Slow-5 IMFs: [5, 6] with center freqs [0.0156, 0.0106]

[2026-01-09 18:07:32] Run HC_NDAR_INVAL101MH2_restAP_run01_Yan2023: IMF center frequencies: [0.44155, 0.24631, 0.10729, 0.05879, 0.02925, 0.01665, 0.00866, 0.00599, 0.00506, 0.00538, 0.00512, 1e-05]
Slow-3 IMFs: [2] with center freqs [0.1073]
Slow-4 IMFs: [3, 4] with center freqs [0.0588, 0.0292]
Slow-5 IMFs: [5] with center freqs [0.0167]

[2026-01-09 18:07:33] Run HC_NDAR_INVFW143KVU_restAP_run01_Yan2023: IMF center frequencies: [0.43648, 0.24644, 0.11556, 0.06621, 0.0343, 0.01854, 0.01021, 0.0066, 2e-05]
Slow-3 IMFs: [2] with center freqs [0.1156]
Slow-4 IMFs: [3, 4] with center freqs [0.0662, 0.0343]
Slow-5 IMFs: [5, 6] with center freqs [0.0185, 0.0102]

[2026-01-09 18:07:33] Run HC_NDAR_INVGN082RP7_restAP_run01_Yan2023: IMF center frequencies: [0.43441, 0.23002, 0.10871, 0.05823, 0.03089, 0.01559, 0.00951, 0.00588, 0.0048, 1e-05]
Slow-3 IMFs: [2] with center freqs [0.1087]
Slow-4 IMFs: [3, 4] with center freqs [0.0582, 0.0309]
Slow-5 IMFs: [5] with center freqs [0.0156]

[2026-01-09 18:07:33] Run HC_NDAR_INVHG032NYJ_restAP_run01_Yan2023: IMF center frequencies: [0.43822, 0.24322, 0.12362, 0.06467, 0.03577, 0.01891, 0.01072, 0.00748, 0.00713, 0.00492, 0.0]
Slow-3 IMFs: [2] with center freqs [0.1236]
Slow-4 IMFs: [3, 4] with center freqs [0.0647, 0.0358]
Slow-5 IMFs: [5, 6] with center freqs [0.0189, 0.0107]

[2026-01-09 18:07:33] Run HC_NDAR_INVJT253NWQ_restAP_run01_Yan2023: IMF center frequencies: [0.42646, 0.23516, 0.10304, 0.05783, 0.03171, 0.01606, 0.01365, 0.00781, 0.00604, 1e-05]
Slow-3 IMFs: [2] with center freqs [0.103]
Slow-4 IMFs: [3, 4] with center freqs [0.0578, 0.0317]
Slow-5 IMFs: [5, 6] with center freqs [0.0161, 0.0137]

[2026-01-09 18:07:33] Run HC_NDAR_INVKD900ED7_restAP_run01_Yan2023: IMF center frequencies: [0.43381, 0.25798, 0.12105, 0.0655, 0.0313, 0.01875, 0.00802, 0.00559, 0.00417, 0.0053, 1e-05]
Slow-3 IMFs: [2] with center freqs [0.1211]
Slow-4 IMFs: [3, 4] with center freqs [0.0655, 0.0313]
Slow-5 IMFs: [5] with center freqs [0.0187]

[2026-01-09 18:07:33] Run HC_NDAR_INVKH965NN0_restAP_run01_Yan2023: IMF center frequencies: [0.40052, 0.23134, 0.11243, 0.05812, 0.03258, 0.01741, 0.01126, 0.00602, 0.00257, 1e-05]
Slow-3 IMFs: [2] with center freqs [0.1124]
Slow-4 IMFs: [3, 4] with center freqs [0.0581, 0.0326]
Slow-5 IMFs: [5, 6] with center freqs [0.0174, 0.0113]

[2026-01-09 18:07:33] Run HC_NDAR_INVPG675JPX_restAP_run01_Yan2023: IMF center frequencies: [0.43565, 0.24117, 0.08803, 0.04798, 0.02515, 0.01479, 0.00929, 0.00536, 1e-05]
Slow-3 IMFs: [2] with center freqs [0.088]
Slow-4 IMFs: [3] with center freqs [0.048]
Slow-5 IMFs: [4, 5] with center freqs [0.0252, 0.0148]

[2026-01-09 18:07:33] Run HC_NDAR_INVWE937RD6_restAP_run01_Yan2023: IMF center frequencies: [0.43653, 0.21282, 0.09289, 0.04298, 0.02423, 0.01445, 0.00672, 0.00333, 0.0035, 1e-05]
Slow-3 IMFs: [2] with center freqs [0.0929]
Slow-4 IMFs: [3] with center freqs [0.043]
Slow-5 IMFs: [4, 5] with center freqs [0.0242, 0.0144]

[2026-01-09 18:07:33] Run HC_NDAR_INVUA181LXU_restAP_run01_Yan2023: IMF center frequencies: [0.38584, 0.20955, 0.12825, 0.06426, 0.03482, 0.01817, 0.00844, 0.00429, 0.00744, 1e-05]
Slow-3 IMFs: [2] with center freqs [0.1283]
Slow-4 IMFs: [3, 4] with center freqs [0.0643, 0.0348]
Slow-5 IMFs: [5] with center freqs [0.0182]

[2026-01-09 18:07:33] Run HC_NDAR_INVKX727WL8_restAP_run01_Yan2023: IMF center frequencies: [0.42452, 0.2692, 0.12679, 0.05903, 0.02982, 0.01686, 0.01223, 0.00792, 0.00554, 0.00287, 1e-05]
Slow-3 IMFs: [2] with center freqs [0.1268]
Slow-4 IMFs: [3, 4] with center freqs [0.059, 0.0298]
Slow-5 IMFs: [5, 6] with center freqs [0.0169, 0.0122]

[2026-01-09 18:07:33] Run HC_NDAR_INVWL810FRT_restAP_run01_Yan2023: IMF center frequencies: [0.40117, 0.18779, 0.09349, 0.04713, 0.02247, 0.01211, 0.00581, 0.00409, 0.00282, 1e-05]
Slow-3 IMFs: [1, 2] with center freqs [0.1878, 0.0935]
Slow-4 IMFs: [3] with center freqs [0.0471]
Slow-5 IMFs: [4, 5] with center freqs [0.0225, 0.0121]

[2026-01-09 18:07:33] Run HC_NDAR_INVWJ708RM0_restAP_run01_Yan2023: IMF center frequencies: [0.43753, 0.23499, 0.12684, 0.04903, 0.03098, 0.01797, 0.00825, 0.00566, 0.00666, 0.0039, 1e-05]
Slow-3 IMFs: [2] with center freqs [0.1268]
Slow-4 IMFs: [3, 4] with center freqs [0.049, 0.031]
Slow-5 IMFs: [5] with center freqs [0.018]

[2026-01-09 18:07:33] Run MDD_NDAR_INVBL733HBP_restAP_run01_Yan2023: IMF center frequencies: [0.39741, 0.18661, 0.09949, 0.04718, 0.02292, 0.01383, 0.00601, 1e-05]
Slow-3 IMFs: [1, 2] with center freqs [0.1866, 0.0995]
Slow-4 IMFs: [3] with center freqs [0.0472]
Slow-5 IMFs: [4, 5] with center freqs [0.0229, 0.0138]

[2026-01-09 18:07:33] Run MDD_NDAR_INVDP288XND_restAP_run01_Yan2023: IMF center frequencies: [0.43868, 0.22286, 0.10363, 0.05698, 0.02878, 0.01627, 0.01007, 0.00632, 0.0]
Slow-3 IMFs: [2] with center freqs [0.1036]
Slow-4 IMFs: [3, 4] with center freqs [0.057, 0.0288]
Slow-5 IMFs: [5, 6] with center freqs [0.0163, 0.0101]

[2026-01-09 18:07:33] Run HC_NDAR_INVXM223BAP_restAP_run01_Yan2023: IMF center frequencies: [0.4263, 0.22511, 0.10522, 0.04847, 0.02845, 0.01533, 0.00875, 0.00673, 0.00303, 0.0]
Slow-3 IMFs: [2] with center freqs [0.1052]
Slow-4 IMFs: [3, 4] with center freqs [0.0485, 0.0285]
Slow-5 IMFs: [5] with center freqs [0.0153]

[2026-01-09 18:07:33] Run HC_NDAR_INVZB896FPZ_restAP_run01_Yan2023: IMF center frequencies: [0.43298, 0.25381, 0.09823, 0.05769, 0.03236, 0.01485, 0.01017, 0.00662, 0.00491, 1e-05]
Slow-3 IMFs: [2] with center freqs [0.0982]
Slow-4 IMFs: [3, 4] with center freqs [0.0577, 0.0324]
Slow-5 IMFs: [5, 6] with center freqs [0.0149, 0.0102]

[2026-01-09 18:07:33] Run HC_NDAR_INVXJ707NAE_restAP_run01_Yan2023: IMF center frequencies: [0.4184, 0.19214, 0.10135, 0.05541, 0.03435, 0.02006, 0.01066, 0.00541, 0.00591, 0.00297, 0.00646, 1e-05]
Slow-3 IMFs: [1, 2] with center freqs [0.1921, 0.1014]
Slow-4 IMFs: [3, 4] with center freqs [0.0554, 0.0344]
Slow-5 IMFs: [5, 6] with center freqs [0.0201, 0.0107]

[2026-01-09 18:07:33] Run MDD_NDAR_INVEY681MZ7_restAP_run01_Yan2023: IMF center frequencies: [0.41872, 0.2036, 0.09335, 0.05518, 0.02949, 0.01785, 0.00883, 0.00517, 0.0028, 1e-05]
Slow-3 IMFs: [2] with center freqs [0.0934]
Slow-4 IMFs: [3, 4] with center freqs [0.0552, 0.0295]
Slow-5 IMFs: [5] with center freqs [0.0178]

[2026-01-09 18:07:33] Run MDD_NDAR_INVKH279ZDZ_restAP_run01_Yan2023: IMF center frequencies: [0.42789, 0.22197, 0.09962, 0.05775, 0.02795, 0.01354, 0.00677, 0.00267, 1e-05]
Slow-3 IMFs: [2] with center freqs [0.0996]
Slow-4 IMFs: [3, 4] with center freqs [0.0578, 0.028]
Slow-5 IMFs: [5] with center freqs [0.0135]

[2026-01-09 18:07:33] Run MDD_NDAR_INVJP751NXV_restAP_run01_Yan2023: IMF center frequencies: [0.40557, 0.24626, 0.11988, 0.06813, 0.03762, 0.01627, 0.00623, 0.00265, 1e-05]
Slow-3 IMFs: [2] with center freqs [0.1199]
Slow-4 IMFs: [3, 4] with center freqs [0.0681, 0.0376]
Slow-5 IMFs: [5] with center freqs [0.0163]

[2026-01-09 18:07:33] Run MDD_NDAR_INVHW100CDA_restAP_run01_Yan2023: IMF center frequencies: [0.37829, 0.22225, 0.10779, 0.06509, 0.03384, 0.01912, 0.00979, 0.0063, 0.00372, 1e-05]
Slow-3 IMFs: [2] with center freqs [0.1078]
Slow-4 IMFs: [3, 4] with center freqs [0.0651, 0.0338]
Slow-5 IMFs: [5] with center freqs [0.0191]

[2026-01-09 18:07:33] Run MDD_NDAR_INVLT949NAG_restAP_run01_Yan2023: IMF center frequencies: [0.39689, 0.19235, 0.1025, 0.05571, 0.03171, 0.01582, 0.00891, 0.00569, 0.0]
Slow-3 IMFs: [1, 2] with center freqs [0.1924, 0.1025]
Slow-4 IMFs: [3, 4] with center freqs [0.0557, 0.0317]
Slow-5 IMFs: [5] with center freqs [0.0158]

[2026-01-09 18:07:33] Run MDD_NDAR_INVLD269XMU_restAP_run01_Yan2023: IMF center frequencies: [0.40425, 0.20879, 0.11308, 0.06559, 0.03904, 0.02427, 0.01285, 0.00615, 0.00897, 0.00736, 0.00602, 0.0]
Slow-3 IMFs: [2] with center freqs [0.1131]
Slow-4 IMFs: [3, 4] with center freqs [0.0656, 0.039]
Slow-5 IMFs: [5, 6] with center freqs [0.0243, 0.0129]

[2026-01-09 18:07:34] Run MDD_NDAR_INVNB949AXM_restAP_run01_Yan2023: IMF center frequencies: [0.43316, 0.24956, 0.11586, 0.06135, 0.03568, 0.01921, 0.00952, 0.00628, 1e-05]
Slow-3 IMFs: [2] with center freqs [0.1159]
Slow-4 IMFs: [3, 4] with center freqs [0.0614, 0.0357]
Slow-5 IMFs: [5] with center freqs [0.0192]

[2026-01-09 18:07:34] Run MDD_NDAR_INVRC807HPA_restAP_run01_Yan2023: IMF center frequencies: [0.41904, 0.24197, 0.11522, 0.06113, 0.03604, 0.02215, 0.01075, 0.00789, 0.00268, 0.0]
Slow-3 IMFs: [2] with center freqs [0.1152]
Slow-4 IMFs: [3, 4] with center freqs [0.0611, 0.036]
Slow-5 IMFs: [5, 6] with center freqs [0.0221, 0.0107]

[2026-01-09 18:07:34] Run MDD_NDAR_INVTR059ATR_restAP_run01_Yan2023: IMF center frequencies: [0.41275, 0.19676, 0.121, 0.06489, 0.0308, 0.01825, 0.01051, 0.00525, 1e-05]
Slow-3 IMFs: [1, 2] with center freqs [0.1968, 0.121]
Slow-4 IMFs: [3, 4] with center freqs [0.0649, 0.0308]
Slow-5 IMFs: [5, 6] with center freqs [0.0182, 0.0105]

[2026-01-09 18:07:34] Run MDD_NDAR_INVRX371YHK_restAP_run01_Yan2023: IMF center frequencies: [0.42897, 0.17387, 0.09587, 0.0491, 0.03071, 0.01889, 0.00816, 0.00527, 0.00692, 1e-05]
Slow-3 IMFs: [1, 2] with center freqs [0.1739, 0.0959]
Slow-4 IMFs: [3, 4] with center freqs [0.0491, 0.0307]
Slow-5 IMFs: [5] with center freqs [0.0189]

[2026-01-09 18:07:34] Run MDD_NDAR_INVUX642KUY_restAP_run01_Yan2023: IMF center frequencies: [0.419, 0.19252, 0.09, 0.05426, 0.02959, 0.01842, 0.01126, 0.00792, 2e-05]
Slow-3 IMFs: [1, 2] with center freqs [0.1925, 0.09]
Slow-4 IMFs: [3, 4] with center freqs [0.0543, 0.0296]
Slow-5 IMFs: [5, 6] with center freqs [0.0184, 0.0113]

[2026-01-09 18:07:34] Run MDD_NDAR_INVUY799LKJ_restAP_run01_Yan2023: IMF center frequencies: [0.4104, 0.22831, 0.11644, 0.06649, 0.03678, 0.01816, 0.01037, 0.00577, 0.00493, 0.00331, 0.0]
Slow-3 IMFs: [2] with center freqs [0.1164]
Slow-4 IMFs: [3, 4] with center freqs [0.0665, 0.0368]
Slow-5 IMFs: [5, 6] with center freqs [0.0182, 0.0104]

[2026-01-09 18:07:34] Run MDD_NDAR_INVUZ656BRT_restAP_run01_Yan2023: IMF center frequencies: [0.39415, 0.22125, 0.11723, 0.06244, 0.03383, 0.01731, 0.0121, 0.00752, 0.00632, 1e-05]
Slow-3 IMFs: [2] with center freqs [0.1172]
Slow-4 IMFs: [3, 4] with center freqs [0.0624, 0.0338]
Slow-5 IMFs: [5, 6] with center freqs [0.0173, 0.0121]

[2026-01-09 18:07:34] Run MDD_NDAR_INVVP179WTP_restAP_run01_Yan2023: IMF center frequencies: [0.41592, 0.25519, 0.10543, 0.06061, 0.03708, 0.02098, 0.01183, 0.00748, 0.0045, 1e-05]
Slow-3 IMFs: [2] with center freqs [0.1054]
Slow-4 IMFs: [3, 4] with center freqs [0.0606, 0.0371]
Slow-5 IMFs: [5, 6] with center freqs [0.021, 0.0118]

[2026-01-09 18:07:34] Run MDD_NDAR_INVWR872ZDB_restAP_run01_Yan2023: IMF center frequencies: [0.40467, 0.19855, 0.07524, 0.04393, 0.02407, 0.01165, 0.00754, 0.00295, 1e-05]
Slow-3 IMFs: [2] with center freqs [0.0752]
Slow-4 IMFs: [3] with center freqs [0.0439]
Slow-5 IMFs: [4, 5] with center freqs [0.0241, 0.0117]

[2026-01-09 18:07:34] Run MDD_NDAR_INVWU297KRB_restAP_run01_Yan2023: IMF center frequencies: [0.4335, 0.2087, 0.12096, 0.06052, 0.03452, 0.018, 0.00942, 0.0059, 0.0]
Slow-3 IMFs: [2] with center freqs [0.121]
Slow-4 IMFs: [3, 4] with center freqs [0.0605, 0.0345]
Slow-5 IMFs: [5] with center freqs [0.018]

[2026-01-09 18:07:34] Run MDD_NDAR_INVXA261ZAL_restAP_run01_Yan2023: IMF center frequencies: [0.41925, 0.20401, 0.09342, 0.05527, 0.02954, 0.01786, 0.00885, 0.00518, 0.00277, 1e-05]
Slow-3 IMFs: [2] with center freqs [0.0934]
Slow-4 IMFs: [3, 4] with center freqs [0.0553, 0.0295]
Slow-5 IMFs: [5] with center freqs [0.0179]

[2026-01-09 18:07:34] Run MDD_NDAR_INVZY232VM1_restAP_run01_Yan2023: IMF center frequencies: [0.4291, 0.21447, 0.09881, 0.05668, 0.035, 0.01625, 0.00943, 0.00439, 2e-05]
Slow-3 IMFs: [2] with center freqs [0.0988]
Slow-4 IMFs: [3, 4] with center freqs [0.0567, 0.035]
Slow-5 IMFs: [5] with center freqs [0.0162]

[2026-01-09 18:07:34] Run MDD_NDAR_INVZU586UPF_restAP_run01_Yan2023: IMF center frequencies: [0.39609, 0.2158, 0.10158, 0.05514, 0.02874, 0.01921, 0.0122, 0.00763, 0.0029, 1e-05]
Slow-3 IMFs: [2] with center freqs [0.1016]
Slow-4 IMFs: [3, 4] with center freqs [0.0551, 0.0287]
Slow-5 IMFs: [5, 6] with center freqs [0.0192, 0.0122]

[2026-01-09 18:08:27] Run HC_NDAR_INVDD155BRR_restAP_run01_Schaefer400: IMF center frequencies: [0.38676, 0.23721, 0.09386, 0.0501, 0.02902, 0.01525, 0.01108, 0.00543, 1e-05]
Slow-3 IMFs: [2] with center freqs [0.0939]
Slow-4 IMFs: [3, 4] with center freqs [0.0501, 0.029]
Slow-5 IMFs: [5, 6] with center freqs [0.0152, 0.0111]

[2026-01-09 18:08:27] Run HC_NDAR_INVDC524THW_restAP_run01_Schaefer400: IMF center frequencies: [0.3887, 0.23646, 0.12732, 0.06623, 0.03548, 0.01974, 0.01236, 0.00535, 0.00453, 1e-05]
Slow-3 IMFs: [2] with center freqs [0.1273]
Slow-4 IMFs: [3, 4] with center freqs [0.0662, 0.0355]
Slow-5 IMFs: [5, 6] with center freqs [0.0197, 0.0124]

[2026-01-09 18:08:27] Run HC_NDAR_INVDK220VPQ_restAP_run01_Schaefer400: IMF center frequencies: [0.39254, 0.23105, 0.11864, 0.06319, 0.032, 0.02194, 0.01137, 0.0075, 0.00455, 1e-05]
Slow-3 IMFs: [2] with center freqs [0.1186]
Slow-4 IMFs: [3, 4] with center freqs [0.0632, 0.032]
Slow-5 IMFs: [5, 6] with center freqs [0.0219, 0.0114]

[2026-01-09 18:08:27] Run HC_NDAR_INVDM785DVB_restAP_run01_Schaefer400: IMF center frequencies: [0.42665, 0.24354, 0.11391, 0.06264, 0.03225, 0.01648, 0.00795, 0.00572, 0.00376, 0.0]
Slow-3 IMFs: [2] with center freqs [0.1139]
Slow-4 IMFs: [3, 4] with center freqs [0.0626, 0.0323]
Slow-5 IMFs: [5] with center freqs [0.0165]

[2026-01-09 18:08:27] Run HC_NDAR_INVCW125BLA_restAP_run01_Schaefer400: IMF center frequencies: [0.40972, 0.20671, 0.09683, 0.05683, 0.02964, 0.01564, 0.0106, 0.00431, 0.0077, 0.00543, 2e-05]
Slow-3 IMFs: [2] with center freqs [0.0968]
Slow-4 IMFs: [3, 4] with center freqs [0.0568, 0.0296]
Slow-5 IMFs: [5, 6] with center freqs [0.0156, 0.0106]

[2026-01-09 18:08:27] Run HC_NDAR_INVAL101MH2_restAP_run01_Schaefer400: IMF center frequencies: [0.44155, 0.24631, 0.10729, 0.05879, 0.02925, 0.01665, 0.00866, 0.00599, 0.00506, 0.00538, 0.00512, 1e-05]
Slow-3 IMFs: [2] with center freqs [0.1073]
Slow-4 IMFs: [3, 4] with center freqs [0.0588, 0.0292]
Slow-5 IMFs: [5] with center freqs [0.0167]

[2026-01-09 18:08:27] Run HC_NDAR_INVFW143KVU_restAP_run01_Schaefer400: IMF center frequencies: [0.43648, 0.24644, 0.11556, 0.06621, 0.0343, 0.01854, 0.01021, 0.0066, 2e-05]
Slow-3 IMFs: [2] with center freqs [0.1156]
Slow-4 IMFs: [3, 4] with center freqs [0.0662, 0.0343]
Slow-5 IMFs: [5, 6] with center freqs [0.0185, 0.0102]

[2026-01-09 18:08:27] Run HC_NDAR_INVJT253NWQ_restAP_run01_Schaefer400: IMF center frequencies: [0.42646, 0.23516, 0.10304, 0.05783, 0.03171, 0.01606, 0.01365, 0.00781, 0.00604, 1e-05]
Slow-3 IMFs: [2] with center freqs [0.103]
Slow-4 IMFs: [3, 4] with center freqs [0.0578, 0.0317]
Slow-5 IMFs: [5, 6] with center freqs [0.0161, 0.0137]

[2026-01-09 18:08:27] Run HC_NDAR_INVGN082RP7_restAP_run01_Schaefer400: IMF center frequencies: [0.43441, 0.23002, 0.10871, 0.05823, 0.03089, 0.01559, 0.00951, 0.00588, 0.0048, 1e-05]
Slow-3 IMFs: [2] with center freqs [0.1087]
Slow-4 IMFs: [3, 4] with center freqs [0.0582, 0.0309]
Slow-5 IMFs: [5] with center freqs [0.0156]

[2026-01-09 18:08:27] Run HC_NDAR_INVHG032NYJ_restAP_run01_Schaefer400: IMF center frequencies: [0.43822, 0.24322, 0.12362, 0.06467, 0.03577, 0.01891, 0.01072, 0.00748, 0.00713, 0.00492, 0.0]
Slow-3 IMFs: [2] with center freqs [0.1236]
Slow-4 IMFs: [3, 4] with center freqs [0.0647, 0.0358]
Slow-5 IMFs: [5, 6] with center freqs [0.0189, 0.0107]

[2026-01-09 18:08:27] Run HC_NDAR_INVKD900ED7_restAP_run01_Schaefer400: IMF center frequencies: [0.43381, 0.25798, 0.12105, 0.0655, 0.0313, 0.01875, 0.00802, 0.00559, 0.00417, 0.0053, 1e-05]
Slow-3 IMFs: [2] with center freqs [0.1211]
Slow-4 IMFs: [3, 4] with center freqs [0.0655, 0.0313]
Slow-5 IMFs: [5] with center freqs [0.0187]

[2026-01-09 18:08:27] Run HC_NDAR_INVKH965NN0_restAP_run01_Schaefer400: IMF center frequencies: [0.40052, 0.23134, 0.11243, 0.05812, 0.03258, 0.01741, 0.01126, 0.00602, 0.00257, 1e-05]
Slow-3 IMFs: [2] with center freqs [0.1124]
Slow-4 IMFs: [3, 4] with center freqs [0.0581, 0.0326]
Slow-5 IMFs: [5, 6] with center freqs [0.0174, 0.0113]

[2026-01-09 18:08:27] Run HC_NDAR_INVUA181LXU_restAP_run01_Schaefer400: IMF center frequencies: [0.38584, 0.20955, 0.12825, 0.06426, 0.03482, 0.01817, 0.00844, 0.00429, 0.00744, 1e-05]
Slow-3 IMFs: [2] with center freqs [0.1283]
Slow-4 IMFs: [3, 4] with center freqs [0.0643, 0.0348]
Slow-5 IMFs: [5] with center freqs [0.0182]

[2026-01-09 18:08:27] Run HC_NDAR_INVPG675JPX_restAP_run01_Schaefer400: IMF center frequencies: [0.43565, 0.24117, 0.08803, 0.04798, 0.02515, 0.01479, 0.00929, 0.00536, 1e-05]
Slow-3 IMFs: [2] with center freqs [0.088]
Slow-4 IMFs: [3] with center freqs [0.048]
Slow-5 IMFs: [4, 5] with center freqs [0.0252, 0.0148]

[2026-01-09 18:08:27] Run HC_NDAR_INVKX727WL8_restAP_run01_Schaefer400: IMF center frequencies: [0.42452, 0.2692, 0.12679, 0.05903, 0.02982, 0.01686, 0.01223, 0.00792, 0.00554, 0.00287, 1e-05]
Slow-3 IMFs: [2] with center freqs [0.1268]
Slow-4 IMFs: [3, 4] with center freqs [0.059, 0.0298]
Slow-5 IMFs: [5, 6] with center freqs [0.0169, 0.0122]

[2026-01-09 18:08:27] Run HC_NDAR_INVWJ708RM0_restAP_run01_Schaefer400: IMF center frequencies: [0.43753, 0.23499, 0.12684, 0.04903, 0.03098, 0.01797, 0.00825, 0.00566, 0.00666, 0.0039, 1e-05]
Slow-3 IMFs: [2] with center freqs [0.1268]
Slow-4 IMFs: [3, 4] with center freqs [0.049, 0.031]
Slow-5 IMFs: [5] with center freqs [0.018]

[2026-01-09 18:08:27] Run HC_NDAR_INVWE937RD6_restAP_run01_Schaefer400: IMF center frequencies: [0.43653, 0.21282, 0.09289, 0.04298, 0.02423, 0.01445, 0.00672, 0.00333, 0.0035, 1e-05]
Slow-3 IMFs: [2] with center freqs [0.0929]
Slow-4 IMFs: [3] with center freqs [0.043]
Slow-5 IMFs: [4, 5] with center freqs [0.0242, 0.0144]

[2026-01-09 18:08:27] Run HC_NDAR_INVWL810FRT_restAP_run01_Schaefer400: IMF center frequencies: [0.40117, 0.18779, 0.09349, 0.04713, 0.02247, 0.01211, 0.00581, 0.00409, 0.00282, 1e-05]
Slow-3 IMFs: [1, 2] with center freqs [0.1878, 0.0935]
Slow-4 IMFs: [3] with center freqs [0.0471]
Slow-5 IMFs: [4, 5] with center freqs [0.0225, 0.0121]

[2026-01-09 18:08:27] Run MDD_NDAR_INVBL733HBP_restAP_run01_Schaefer400: IMF center frequencies: [0.39741, 0.18661, 0.09949, 0.04718, 0.02292, 0.01383, 0.00601, 1e-05]
Slow-3 IMFs: [1, 2] with center freqs [0.1866, 0.0995]
Slow-4 IMFs: [3] with center freqs [0.0472]
Slow-5 IMFs: [4, 5] with center freqs [0.0229, 0.0138]

[2026-01-09 18:08:27] Run HC_NDAR_INVXJ707NAE_restAP_run01_Schaefer400: IMF center frequencies: [0.4184, 0.19214, 0.10135, 0.05541, 0.03435, 0.02006, 0.01066, 0.00541, 0.00591, 0.00297, 0.00646, 1e-05]
Slow-3 IMFs: [1, 2] with center freqs [0.1921, 0.1014]
Slow-4 IMFs: [3, 4] with center freqs [0.0554, 0.0344]
Slow-5 IMFs: [5, 6] with center freqs [0.0201, 0.0107]

[2026-01-09 18:08:27] Run HC_NDAR_INVXM223BAP_restAP_run01_Schaefer400: IMF center frequencies: [0.4263, 0.22511, 0.10522, 0.04847, 0.02845, 0.01533, 0.00875, 0.00673, 0.00303, 0.0]
Slow-3 IMFs: [2] with center freqs [0.1052]
Slow-4 IMFs: [3, 4] with center freqs [0.0485, 0.0285]
Slow-5 IMFs: [5] with center freqs [0.0153]

[2026-01-09 18:08:27] Run HC_NDAR_INVZB896FPZ_restAP_run01_Schaefer400: IMF center frequencies: [0.43298, 0.25381, 0.09823, 0.05769, 0.03236, 0.01485, 0.01017, 0.00662, 0.00491, 1e-05]
Slow-3 IMFs: [2] with center freqs [0.0982]
Slow-4 IMFs: [3, 4] with center freqs [0.0577, 0.0324]
Slow-5 IMFs: [5, 6] with center freqs [0.0149, 0.0102]

[2026-01-09 18:08:28] Run MDD_NDAR_INVEY681MZ7_restAP_run01_Schaefer400: IMF center frequencies: [0.41872, 0.2036, 0.09335, 0.05518, 0.02949, 0.01785, 0.00883, 0.00517, 0.0028, 1e-05]
Slow-3 IMFs: [2] with center freqs [0.0934]
Slow-4 IMFs: [3, 4] with center freqs [0.0552, 0.0295]
Slow-5 IMFs: [5] with center freqs [0.0178]

[2026-01-09 18:08:28] Run MDD_NDAR_INVDP288XND_restAP_run01_Schaefer400: IMF center frequencies: [0.43868, 0.22286, 0.10363, 0.05698, 0.02878, 0.01627, 0.01007, 0.00632, 0.0]
Slow-3 IMFs: [2] with center freqs [0.1036]
Slow-4 IMFs: [3, 4] with center freqs [0.057, 0.0288]
Slow-5 IMFs: [5, 6] with center freqs [0.0163, 0.0101]

[2026-01-09 18:08:28] Run MDD_NDAR_INVHW100CDA_restAP_run01_Schaefer400: IMF center frequencies: [0.37829, 0.22225, 0.10779, 0.06509, 0.03384, 0.01912, 0.00979, 0.0063, 0.00372, 1e-05]
Slow-3 IMFs: [2] with center freqs [0.1078]
Slow-4 IMFs: [3, 4] with center freqs [0.0651, 0.0338]
Slow-5 IMFs: [5] with center freqs [0.0191]

[2026-01-09 18:08:28] Run MDD_NDAR_INVKH279ZDZ_restAP_run01_Schaefer400: IMF center frequencies: [0.42789, 0.22197, 0.09962, 0.05775, 0.02795, 0.01354, 0.00677, 0.00267, 1e-05]
Slow-3 IMFs: [2] with center freqs [0.0996]
Slow-4 IMFs: [3, 4] with center freqs [0.0578, 0.028]
Slow-5 IMFs: [5] with center freqs [0.0135]

[2026-01-09 18:08:28] Run MDD_NDAR_INVJP751NXV_restAP_run01_Schaefer400: IMF center frequencies: [0.40557, 0.24626, 0.11988, 0.06813, 0.03762, 0.01627, 0.00623, 0.00265, 1e-05]
Slow-3 IMFs: [2] with center freqs [0.1199]
Slow-4 IMFs: [3, 4] with center freqs [0.0681, 0.0376]
Slow-5 IMFs: [5] with center freqs [0.0163]

[2026-01-09 18:08:28] Run MDD_NDAR_INVLD269XMU_restAP_run01_Schaefer400: IMF center frequencies: [0.40425, 0.20879, 0.11308, 0.06559, 0.03904, 0.02427, 0.01285, 0.00615, 0.00897, 0.00736, 0.00602, 0.0]
Slow-3 IMFs: [2] with center freqs [0.1131]
Slow-4 IMFs: [3, 4] with center freqs [0.0656, 0.039]
Slow-5 IMFs: [5, 6] with center freqs [0.0243, 0.0129]

[2026-01-09 18:08:28] Run MDD_NDAR_INVLT949NAG_restAP_run01_Schaefer400: IMF center frequencies: [0.39689, 0.19235, 0.1025, 0.05571, 0.03171, 0.01582, 0.00891, 0.00569, 0.0]
Slow-3 IMFs: [1, 2] with center freqs [0.1924, 0.1025]
Slow-4 IMFs: [3, 4] with center freqs [0.0557, 0.0317]
Slow-5 IMFs: [5] with center freqs [0.0158]

[2026-01-09 18:08:28] Run MDD_NDAR_INVNB949AXM_restAP_run01_Schaefer400: IMF center frequencies: [0.43316, 0.24956, 0.11586, 0.06135, 0.03568, 0.01921, 0.00952, 0.00628, 1e-05]
Slow-3 IMFs: [2] with center freqs [0.1159]
Slow-4 IMFs: [3, 4] with center freqs [0.0614, 0.0357]
Slow-5 IMFs: [5] with center freqs [0.0192]

[2026-01-09 18:08:28] Run MDD_NDAR_INVRC807HPA_restAP_run01_Schaefer400: IMF center frequencies: [0.41904, 0.24197, 0.11522, 0.06113, 0.03604, 0.02215, 0.01075, 0.00789, 0.00268, 0.0]
Slow-3 IMFs: [2] with center freqs [0.1152]
Slow-4 IMFs: [3, 4] with center freqs [0.0611, 0.036]
Slow-5 IMFs: [5, 6] with center freqs [0.0221, 0.0107]

[2026-01-09 18:08:28] Run MDD_NDAR_INVRX371YHK_restAP_run01_Schaefer400: IMF center frequencies: [0.42897, 0.17387, 0.09587, 0.0491, 0.03071, 0.01889, 0.00816, 0.00527, 0.00692, 1e-05]
Slow-3 IMFs: [1, 2] with center freqs [0.1739, 0.0959]
Slow-4 IMFs: [3, 4] with center freqs [0.0491, 0.0307]
Slow-5 IMFs: [5] with center freqs [0.0189]

[2026-01-09 18:08:28] Run MDD_NDAR_INVTR059ATR_restAP_run01_Schaefer400: IMF center frequencies: [0.41275, 0.19676, 0.121, 0.06489, 0.0308, 0.01825, 0.01051, 0.00525, 1e-05]
Slow-3 IMFs: [1, 2] with center freqs [0.1968, 0.121]
Slow-4 IMFs: [3, 4] with center freqs [0.0649, 0.0308]
Slow-5 IMFs: [5, 6] with center freqs [0.0182, 0.0105]

[2026-01-09 18:08:28] Run MDD_NDAR_INVUX642KUY_restAP_run01_Schaefer400: IMF center frequencies: [0.419, 0.19252, 0.09, 0.05426, 0.02959, 0.01842, 0.01126, 0.00792, 2e-05]
Slow-3 IMFs: [1, 2] with center freqs [0.1925, 0.09]
Slow-4 IMFs: [3, 4] with center freqs [0.0543, 0.0296]
Slow-5 IMFs: [5, 6] with center freqs [0.0184, 0.0113]

[2026-01-09 18:08:28] Run MDD_NDAR_INVUY799LKJ_restAP_run01_Schaefer400: IMF center frequencies: [0.4104, 0.22831, 0.11644, 0.06649, 0.03678, 0.01816, 0.01037, 0.00577, 0.00493, 0.00331, 0.0]
Slow-3 IMFs: [2] with center freqs [0.1164]
Slow-4 IMFs: [3, 4] with center freqs [0.0665, 0.0368]
Slow-5 IMFs: [5, 6] with center freqs [0.0182, 0.0104]

[2026-01-09 18:08:28] Run MDD_NDAR_INVUZ656BRT_restAP_run01_Schaefer400: IMF center frequencies: [0.39415, 0.22125, 0.11723, 0.06244, 0.03383, 0.01731, 0.0121, 0.00752, 0.00632, 1e-05]
Slow-3 IMFs: [2] with center freqs [0.1172]
Slow-4 IMFs: [3, 4] with center freqs [0.0624, 0.0338]
Slow-5 IMFs: [5, 6] with center freqs [0.0173, 0.0121]

[2026-01-09 18:08:28] Run MDD_NDAR_INVVP179WTP_restAP_run01_Schaefer400: IMF center frequencies: [0.41592, 0.25519, 0.10543, 0.06061, 0.03708, 0.02098, 0.01183, 0.00748, 0.0045, 1e-05]
Slow-3 IMFs: [2] with center freqs [0.1054]
Slow-4 IMFs: [3, 4] with center freqs [0.0606, 0.0371]
Slow-5 IMFs: [5, 6] with center freqs [0.021, 0.0118]

[2026-01-09 18:08:28] Run MDD_NDAR_INVWR872ZDB_restAP_run01_Schaefer400: IMF center frequencies: [0.40467, 0.19855, 0.07524, 0.04393, 0.02407, 0.01165, 0.00754, 0.00295, 1e-05]
Slow-3 IMFs: [2] with center freqs [0.0752]
Slow-4 IMFs: [3] with center freqs [0.0439]
Slow-5 IMFs: [4, 5] with center freqs [0.0241, 0.0117]

[2026-01-09 18:08:28] Run MDD_NDAR_INVWU297KRB_restAP_run01_Schaefer400: IMF center frequencies: [0.4335, 0.2087, 0.12096, 0.06052, 0.03452, 0.018, 0.00942, 0.0059, 0.0]
Slow-3 IMFs: [2] with center freqs [0.121]
Slow-4 IMFs: [3, 4] with center freqs [0.0605, 0.0345]
Slow-5 IMFs: [5] with center freqs [0.018]

[2026-01-09 18:08:28] Run MDD_NDAR_INVXA261ZAL_restAP_run01_Schaefer400: IMF center frequencies: [0.41925, 0.20401, 0.09342, 0.05527, 0.02954, 0.01786, 0.00885, 0.00518, 0.00277, 1e-05]
Slow-3 IMFs: [2] with center freqs [0.0934]
Slow-4 IMFs: [3, 4] with center freqs [0.0553, 0.0295]
Slow-5 IMFs: [5] with center freqs [0.0179]

[2026-01-09 18:08:28] Run MDD_NDAR_INVZU586UPF_restAP_run01_Schaefer400: IMF center frequencies: [0.39609, 0.2158, 0.10158, 0.05514, 0.02874, 0.01921, 0.0122, 0.00763, 0.0029, 1e-05]
Slow-3 IMFs: [2] with center freqs [0.1016]
Slow-4 IMFs: [3, 4] with center freqs [0.0551, 0.0287]
Slow-5 IMFs: [5, 6] with center freqs [0.0192, 0.0122]

[2026-01-09 18:08:28] Run MDD_NDAR_INVZY232VM1_restAP_run01_Schaefer400: IMF center frequencies: [0.4291, 0.21447, 0.09881, 0.05668, 0.035, 0.01625, 0.00943, 0.00439, 2e-05]
Slow-3 IMFs: [2] with center freqs [0.0988]
Slow-4 IMFs: [3, 4] with center freqs [0.0567, 0.035]
Slow-5 IMFs: [5] with center freqs [0.0162]

[2026-01-09 18:08:46] Run HC_NDAR_INVDD155BRR_restAP_run01_Schaefer400: IMF center frequencies: [0.38676, 0.23721, 0.09386, 0.0501, 0.02902, 0.01525, 0.01108, 0.00543, 1e-05]
Slow-3 IMFs: [2] with center freqs [0.0939]
Slow-4 IMFs: [3, 4] with center freqs [0.0501, 0.029]
Slow-5 IMFs: [5, 6] with center freqs [0.0152, 0.0111]

[2026-01-09 18:08:46] Run HC_NDAR_INVDC524THW_restAP_run01_Schaefer400: IMF center frequencies: [0.3887, 0.23646, 0.12732, 0.06623, 0.03548, 0.01974, 0.01236, 0.00535, 0.00453, 1e-05]
Slow-3 IMFs: [2] with center freqs [0.1273]
Slow-4 IMFs: [3, 4] with center freqs [0.0662, 0.0355]
Slow-5 IMFs: [5, 6] with center freqs [0.0197, 0.0124]

[2026-01-09 18:08:46] Run HC_NDAR_INVDK220VPQ_restAP_run01_Schaefer400: IMF center frequencies: [0.39254, 0.23105, 0.11864, 0.06319, 0.032, 0.02194, 0.01137, 0.0075, 0.00455, 1e-05]
Slow-3 IMFs: [2] with center freqs [0.1186]
Slow-4 IMFs: [3, 4] with center freqs [0.0632, 0.032]
Slow-5 IMFs: [5, 6] with center freqs [0.0219, 0.0114]

[2026-01-09 18:08:46] Run HC_NDAR_INVCW125BLA_restAP_run01_Schaefer400: IMF center frequencies: [0.40972, 0.20671, 0.09683, 0.05683, 0.02964, 0.01564, 0.0106, 0.00431, 0.0077, 0.00543, 2e-05]
Slow-3 IMFs: [2] with center freqs [0.0968]
Slow-4 IMFs: [3, 4] with center freqs [0.0568, 0.0296]
Slow-5 IMFs: [5, 6] with center freqs [0.0156, 0.0106]

[2026-01-09 18:08:46] Run HC_NDAR_INVDM785DVB_restAP_run01_Schaefer400: IMF center frequencies: [0.42665, 0.24354, 0.11391, 0.06264, 0.03225, 0.01648, 0.00795, 0.00572, 0.00376, 0.0]
Slow-3 IMFs: [2] with center freqs [0.1139]
Slow-4 IMFs: [3, 4] with center freqs [0.0626, 0.0323]
Slow-5 IMFs: [5] with center freqs [0.0165]

[2026-01-09 18:08:46] Run HC_NDAR_INVAL101MH2_restAP_run01_Schaefer400: IMF center frequencies: [0.44155, 0.24631, 0.10729, 0.05879, 0.02925, 0.01665, 0.00866, 0.00599, 0.00506, 0.00538, 0.00512, 1e-05]
Slow-3 IMFs: [2] with center freqs [0.1073]
Slow-4 IMFs: [3, 4] with center freqs [0.0588, 0.0292]
Slow-5 IMFs: [5] with center freqs [0.0167]

[2026-01-09 18:08:46] Run HC_NDAR_INVFW143KVU_restAP_run01_Schaefer400: IMF center frequencies: [0.43648, 0.24644, 0.11556, 0.06621, 0.0343, 0.01854, 0.01021, 0.0066, 2e-05]
Slow-3 IMFs: [2] with center freqs [0.1156]
Slow-4 IMFs: [3, 4] with center freqs [0.0662, 0.0343]
Slow-5 IMFs: [5, 6] with center freqs [0.0185, 0.0102]

[2026-01-09 18:08:46] Run HC_NDAR_INVGN082RP7_restAP_run01_Schaefer400: IMF center frequencies: [0.43441, 0.23002, 0.10871, 0.05823, 0.03089, 0.01559, 0.00951, 0.00588, 0.0048, 1e-05]
Slow-3 IMFs: [2] with center freqs [0.1087]
Slow-4 IMFs: [3, 4] with center freqs [0.0582, 0.0309]
Slow-5 IMFs: [5] with center freqs [0.0156]

[2026-01-09 18:08:46] Run HC_NDAR_INVJT253NWQ_restAP_run01_Schaefer400: IMF center frequencies: [0.42646, 0.23516, 0.10304, 0.05783, 0.03171, 0.01606, 0.01365, 0.00781, 0.00604, 1e-05]
Slow-3 IMFs: [2] with center freqs [0.103]
Slow-4 IMFs: [3, 4] with center freqs [0.0578, 0.0317]
Slow-5 IMFs: [5, 6] with center freqs [0.0161, 0.0137]

[2026-01-09 18:08:46] Run HC_NDAR_INVHG032NYJ_restAP_run01_Schaefer400: IMF center frequencies: [0.43822, 0.24322, 0.12362, 0.06467, 0.03577, 0.01891, 0.01072, 0.00748, 0.00713, 0.00492, 0.0]
Slow-3 IMFs: [2] with center freqs [0.1236]
Slow-4 IMFs: [3, 4] with center freqs [0.0647, 0.0358]
Slow-5 IMFs: [5, 6] with center freqs [0.0189, 0.0107]

[2026-01-09 18:08:46] Run HC_NDAR_INVKD900ED7_restAP_run01_Schaefer400: IMF center frequencies: [0.43381, 0.25798, 0.12105, 0.0655, 0.0313, 0.01875, 0.00802, 0.00559, 0.00417, 0.0053, 1e-05]
Slow-3 IMFs: [2] with center freqs [0.1211]
Slow-4 IMFs: [3, 4] with center freqs [0.0655, 0.0313]
Slow-5 IMFs: [5] with center freqs [0.0187]

[2026-01-09 18:08:46] Run HC_NDAR_INVKH965NN0_restAP_run01_Schaefer400: IMF center frequencies: [0.40052, 0.23134, 0.11243, 0.05812, 0.03258, 0.01741, 0.01126, 0.00602, 0.00257, 1e-05]
Slow-3 IMFs: [2] with center freqs [0.1124]
Slow-4 IMFs: [3, 4] with center freqs [0.0581, 0.0326]
Slow-5 IMFs: [5, 6] with center freqs [0.0174, 0.0113]

[2026-01-09 18:08:46] Run HC_NDAR_INVPG675JPX_restAP_run01_Schaefer400: IMF center frequencies: [0.43565, 0.24117, 0.08803, 0.04798, 0.02515, 0.01479, 0.00929, 0.00536, 1e-05]
Slow-3 IMFs: [2] with center freqs [0.088]
Slow-4 IMFs: [3] with center freqs [0.048]
Slow-5 IMFs: [4, 5] with center freqs [0.0252, 0.0148]

[2026-01-09 18:08:46] Run HC_NDAR_INVKX727WL8_restAP_run01_Schaefer400: IMF center frequencies: [0.42452, 0.2692, 0.12679, 0.05903, 0.02982, 0.01686, 0.01223, 0.00792, 0.00554, 0.00287, 1e-05]
Slow-3 IMFs: [2] with center freqs [0.1268]
Slow-4 IMFs: [3, 4] with center freqs [0.059, 0.0298]
Slow-5 IMFs: [5, 6] with center freqs [0.0169, 0.0122]

[2026-01-09 18:08:46] Run HC_NDAR_INVUA181LXU_restAP_run01_Schaefer400: IMF center frequencies: [0.38584, 0.20955, 0.12825, 0.06426, 0.03482, 0.01817, 0.00844, 0.00429, 0.00744, 1e-05]
Slow-3 IMFs: [2] with center freqs [0.1283]
Slow-4 IMFs: [3, 4] with center freqs [0.0643, 0.0348]
Slow-5 IMFs: [5] with center freqs [0.0182]

[2026-01-09 18:08:46] Run HC_NDAR_INVWE937RD6_restAP_run01_Schaefer400: IMF center frequencies: [0.43653, 0.21282, 0.09289, 0.04298, 0.02423, 0.01445, 0.00672, 0.00333, 0.0035, 1e-05]
Slow-3 IMFs: [2] with center freqs [0.0929]
Slow-4 IMFs: [3] with center freqs [0.043]
Slow-5 IMFs: [4, 5] with center freqs [0.0242, 0.0144]

[2026-01-09 18:08:46] Run HC_NDAR_INVWL810FRT_restAP_run01_Schaefer400: IMF center frequencies: [0.40117, 0.18779, 0.09349, 0.04713, 0.02247, 0.01211, 0.00581, 0.00409, 0.00282, 1e-05]
Slow-3 IMFs: [1, 2] with center freqs [0.1878, 0.0935]
Slow-4 IMFs: [3] with center freqs [0.0471]
Slow-5 IMFs: [4, 5] with center freqs [0.0225, 0.0121]

[2026-01-09 18:08:46] Run HC_NDAR_INVWJ708RM0_restAP_run01_Schaefer400: IMF center frequencies: [0.43753, 0.23499, 0.12684, 0.04903, 0.03098, 0.01797, 0.00825, 0.00566, 0.00666, 0.0039, 1e-05]
Slow-3 IMFs: [2] with center freqs [0.1268]
Slow-4 IMFs: [3, 4] with center freqs [0.049, 0.031]
Slow-5 IMFs: [5] with center freqs [0.018]

[2026-01-09 18:08:46] Run MDD_NDAR_INVBL733HBP_restAP_run01_Schaefer400: IMF center frequencies: [0.39741, 0.18661, 0.09949, 0.04718, 0.02292, 0.01383, 0.00601, 1e-05]
Slow-3 IMFs: [1, 2] with center freqs [0.1866, 0.0995]
Slow-4 IMFs: [3] with center freqs [0.0472]
Slow-5 IMFs: [4, 5] with center freqs [0.0229, 0.0138]

[2026-01-09 18:08:46] Run HC_NDAR_INVXM223BAP_restAP_run01_Schaefer400: IMF center frequencies: [0.4263, 0.22511, 0.10522, 0.04847, 0.02845, 0.01533, 0.00875, 0.00673, 0.00303, 0.0]
Slow-3 IMFs: [2] with center freqs [0.1052]
Slow-4 IMFs: [3, 4] with center freqs [0.0485, 0.0285]
Slow-5 IMFs: [5] with center freqs [0.0153]

[2026-01-09 18:08:46] Run HC_NDAR_INVZB896FPZ_restAP_run01_Schaefer400: IMF center frequencies: [0.43298, 0.25381, 0.09823, 0.05769, 0.03236, 0.01485, 0.01017, 0.00662, 0.00491, 1e-05]
Slow-3 IMFs: [2] with center freqs [0.0982]
Slow-4 IMFs: [3, 4] with center freqs [0.0577, 0.0324]
Slow-5 IMFs: [5, 6] with center freqs [0.0149, 0.0102]

[2026-01-09 18:08:46] Run HC_NDAR_INVXJ707NAE_restAP_run01_Schaefer400: IMF center frequencies: [0.4184, 0.19214, 0.10135, 0.05541, 0.03435, 0.02006, 0.01066, 0.00541, 0.00591, 0.00297, 0.00646, 1e-05]
Slow-3 IMFs: [1, 2] with center freqs [0.1921, 0.1014]
Slow-4 IMFs: [3, 4] with center freqs [0.0554, 0.0344]
Slow-5 IMFs: [5, 6] with center freqs [0.0201, 0.0107]

[2026-01-09 18:08:46] Run MDD_NDAR_INVDP288XND_restAP_run01_Schaefer400: IMF center frequencies: [0.43868, 0.22286, 0.10363, 0.05698, 0.02878, 0.01627, 0.01007, 0.00632, 0.0]
Slow-3 IMFs: [2] with center freqs [0.1036]
Slow-4 IMFs: [3, 4] with center freqs [0.057, 0.0288]
Slow-5 IMFs: [5, 6] with center freqs [0.0163, 0.0101]

[2026-01-09 18:08:47] Run MDD_NDAR_INVEY681MZ7_restAP_run01_Schaefer400: IMF center frequencies: [0.41872, 0.2036, 0.09335, 0.05518, 0.02949, 0.01785, 0.00883, 0.00517, 0.0028, 1e-05]
Slow-3 IMFs: [2] with center freqs [0.0934]
Slow-4 IMFs: [3, 4] with center freqs [0.0552, 0.0295]
Slow-5 IMFs: [5] with center freqs [0.0178]

[2026-01-09 18:08:47] Run MDD_NDAR_INVJP751NXV_restAP_run01_Schaefer400: IMF center frequencies: [0.40557, 0.24626, 0.11988, 0.06813, 0.03762, 0.01627, 0.00623, 0.00265, 1e-05]
Slow-3 IMFs: [2] with center freqs [0.1199]
Slow-4 IMFs: [3, 4] with center freqs [0.0681, 0.0376]
Slow-5 IMFs: [5] with center freqs [0.0163]

[2026-01-09 18:08:47] Run MDD_NDAR_INVLT949NAG_restAP_run01_Schaefer400: IMF center frequencies: [0.39689, 0.19235, 0.1025, 0.05571, 0.03171, 0.01582, 0.00891, 0.00569, 0.0]
Slow-3 IMFs: [1, 2] with center freqs [0.1924, 0.1025]
Slow-4 IMFs: [3, 4] with center freqs [0.0557, 0.0317]
Slow-5 IMFs: [5] with center freqs [0.0158]

[2026-01-09 18:08:47] Run MDD_NDAR_INVKH279ZDZ_restAP_run01_Schaefer400: IMF center frequencies: [0.42789, 0.22197, 0.09962, 0.05775, 0.02795, 0.01354, 0.00677, 0.00267, 1e-05]
Slow-3 IMFs: [2] with center freqs [0.0996]
Slow-4 IMFs: [3, 4] with center freqs [0.0578, 0.028]
Slow-5 IMFs: [5] with center freqs [0.0135]

[2026-01-09 18:08:47] Run MDD_NDAR_INVHW100CDA_restAP_run01_Schaefer400: IMF center frequencies: [0.37829, 0.22225, 0.10779, 0.06509, 0.03384, 0.01912, 0.00979, 0.0063, 0.00372, 1e-05]
Slow-3 IMFs: [2] with center freqs [0.1078]
Slow-4 IMFs: [3, 4] with center freqs [0.0651, 0.0338]
Slow-5 IMFs: [5] with center freqs [0.0191]

[2026-01-09 18:08:47] Run MDD_NDAR_INVLD269XMU_restAP_run01_Schaefer400: IMF center frequencies: [0.40425, 0.20879, 0.11308, 0.06559, 0.03904, 0.02427, 0.01285, 0.00615, 0.00897, 0.00736, 0.00602, 0.0]
Slow-3 IMFs: [2] with center freqs [0.1131]
Slow-4 IMFs: [3, 4] with center freqs [0.0656, 0.039]
Slow-5 IMFs: [5, 6] with center freqs [0.0243, 0.0129]

[2026-01-09 18:08:47] Run MDD_NDAR_INVNB949AXM_restAP_run01_Schaefer400: IMF center frequencies: [0.43316, 0.24956, 0.11586, 0.06135, 0.03568, 0.01921, 0.00952, 0.00628, 1e-05]
Slow-3 IMFs: [2] with center freqs [0.1159]
Slow-4 IMFs: [3, 4] with center freqs [0.0614, 0.0357]
Slow-5 IMFs: [5] with center freqs [0.0192]

[2026-01-09 18:08:47] Run MDD_NDAR_INVRC807HPA_restAP_run01_Schaefer400: IMF center frequencies: [0.41904, 0.24197, 0.11522, 0.06113, 0.03604, 0.02215, 0.01075, 0.00789, 0.00268, 0.0]
Slow-3 IMFs: [2] with center freqs [0.1152]
Slow-4 IMFs: [3, 4] with center freqs [0.0611, 0.036]
Slow-5 IMFs: [5, 6] with center freqs [0.0221, 0.0107]

[2026-01-09 18:08:47] Run MDD_NDAR_INVUX642KUY_restAP_run01_Schaefer400: IMF center frequencies: [0.419, 0.19252, 0.09, 0.05426, 0.02959, 0.01842, 0.01126, 0.00792, 2e-05]
Slow-3 IMFs: [1, 2] with center freqs [0.1925, 0.09]
Slow-4 IMFs: [3, 4] with center freqs [0.0543, 0.0296]
Slow-5 IMFs: [5, 6] with center freqs [0.0184, 0.0113]

[2026-01-09 18:08:47] Run MDD_NDAR_INVRX371YHK_restAP_run01_Schaefer400: IMF center frequencies: [0.42897, 0.17387, 0.09587, 0.0491, 0.03071, 0.01889, 0.00816, 0.00527, 0.00692, 1e-05]
Slow-3 IMFs: [1, 2] with center freqs [0.1739, 0.0959]
Slow-4 IMFs: [3, 4] with center freqs [0.0491, 0.0307]
Slow-5 IMFs: [5] with center freqs [0.0189]

[2026-01-09 18:08:47] Run MDD_NDAR_INVTR059ATR_restAP_run01_Schaefer400: IMF center frequencies: [0.41275, 0.19676, 0.121, 0.06489, 0.0308, 0.01825, 0.01051, 0.00525, 1e-05]
Slow-3 IMFs: [1, 2] with center freqs [0.1968, 0.121]
Slow-4 IMFs: [3, 4] with center freqs [0.0649, 0.0308]
Slow-5 IMFs: [5, 6] with center freqs [0.0182, 0.0105]

[2026-01-09 18:08:47] Run MDD_NDAR_INVUZ656BRT_restAP_run01_Schaefer400: IMF center frequencies: [0.39415, 0.22125, 0.11723, 0.06244, 0.03383, 0.01731, 0.0121, 0.00752, 0.00632, 1e-05]
Slow-3 IMFs: [2] with center freqs [0.1172]
Slow-4 IMFs: [3, 4] with center freqs [0.0624, 0.0338]
Slow-5 IMFs: [5, 6] with center freqs [0.0173, 0.0121]

[2026-01-09 18:08:47] Run MDD_NDAR_INVUY799LKJ_restAP_run01_Schaefer400: IMF center frequencies: [0.4104, 0.22831, 0.11644, 0.06649, 0.03678, 0.01816, 0.01037, 0.00577, 0.00493, 0.00331, 0.0]
Slow-3 IMFs: [2] with center freqs [0.1164]
Slow-4 IMFs: [3, 4] with center freqs [0.0665, 0.0368]
Slow-5 IMFs: [5, 6] with center freqs [0.0182, 0.0104]

[2026-01-09 18:08:47] Run MDD_NDAR_INVWR872ZDB_restAP_run01_Schaefer400: IMF center frequencies: [0.40467, 0.19855, 0.07524, 0.04393, 0.02407, 0.01165, 0.00754, 0.00295, 1e-05]
Slow-3 IMFs: [2] with center freqs [0.0752]
Slow-4 IMFs: [3] with center freqs [0.0439]
Slow-5 IMFs: [4, 5] with center freqs [0.0241, 0.0117]

[2026-01-09 18:08:47] Run MDD_NDAR_INVVP179WTP_restAP_run01_Schaefer400: IMF center frequencies: [0.41592, 0.25519, 0.10543, 0.06061, 0.03708, 0.02098, 0.01183, 0.00748, 0.0045, 1e-05]
Slow-3 IMFs: [2] with center freqs [0.1054]
Slow-4 IMFs: [3, 4] with center freqs [0.0606, 0.0371]
Slow-5 IMFs: [5, 6] with center freqs [0.021, 0.0118]

[2026-01-09 18:08:47] Run MDD_NDAR_INVWU297KRB_restAP_run01_Schaefer400: IMF center frequencies: [0.4335, 0.2087, 0.12096, 0.06052, 0.03452, 0.018, 0.00942, 0.0059, 0.0]
Slow-3 IMFs: [2] with center freqs [0.121]
Slow-4 IMFs: [3, 4] with center freqs [0.0605, 0.0345]
Slow-5 IMFs: [5] with center freqs [0.018]

[2026-01-09 18:08:47] Run MDD_NDAR_INVXA261ZAL_restAP_run01_Schaefer400: IMF center frequencies: [0.41925, 0.20401, 0.09342, 0.05527, 0.02954, 0.01786, 0.00885, 0.00518, 0.00277, 1e-05]
Slow-3 IMFs: [2] with center freqs [0.0934]
Slow-4 IMFs: [3, 4] with center freqs [0.0553, 0.0295]
Slow-5 IMFs: [5] with center freqs [0.0179]

[2026-01-09 18:08:47] Run MDD_NDAR_INVZU586UPF_restAP_run01_Schaefer400: IMF center frequencies: [0.39609, 0.2158, 0.10158, 0.05514, 0.02874, 0.01921, 0.0122, 0.00763, 0.0029, 1e-05]
Slow-3 IMFs: [2] with center freqs [0.1016]
Slow-4 IMFs: [3, 4] with center freqs [0.0551, 0.0287]
Slow-5 IMFs: [5, 6] with center freqs [0.0192, 0.0122]

[2026-01-09 18:08:47] Run MDD_NDAR_INVZY232VM1_restAP_run01_Schaefer400: IMF center frequencies: [0.4291, 0.21447, 0.09881, 0.05668, 0.035, 0.01625, 0.00943, 0.00439, 2e-05]
Slow-3 IMFs: [2] with center freqs [0.0988]
Slow-4 IMFs: [3, 4] with center freqs [0.0567, 0.035]
Slow-5 IMFs: [5] with center freqs [0.0162]

