[2026-02-09 13:23:34] Starting band-pass zFC calculation pipeline with 1 parallel jobs.
Processing specified run types: [['', 'restAP', '', '']].
[2026-02-09 13:26:10] Starting band-pass zFC calculation pipeline with 1 parallel jobs.
Processing specified run types: [['', 'restAP', '', '']].
[2026-02-09 13:27:06] Starting band-pass zFC calculation pipeline with 1 parallel jobs.
Processing specified run types: [['', 'restAP', '', '']].
[2026-02-09 13:29:25] Starting band-pass zFC calculation pipeline with 1 parallel jobs.
Processing specified run types: [['', 'restAP', '', '']].
[2026-02-09 13:29:33] Starting band-pass zFC calculation pipeline with 1 parallel jobs.
Processing specified run types: [['', 'restAP', '', '']].
[2026-02-09 13:29:38] Starting band-pass zFC calculation pipeline with 1 parallel jobs.
Processing specified run types: [['', 'restAP', '', '']].
[2026-02-09 13:31:40] Starting band-pass zFC calculation pipeline with 1 parallel jobs.
Processing specified run types: [['', 'restAP', '', '']].
[2026-02-09 13:32:03] Starting band-pass zFC calculation pipeline with 1 parallel jobs.
Processing specified run types: [['', 'restAP', '', '']].
[2026-02-09 13:32:35] Starting band-pass zFC calculation pipeline with 1 parallel jobs.
Processing specified run types: [['', 'restAP', '', '']].
[2026-02-09 13:33:20] Starting band-pass zFC calculation pipeline with 1 parallel jobs.
Processing specified run types: [['', 'restAP', '', '']].
[2026-02-09 13:34:24] Starting band-pass zFC calculation pipeline with 1 parallel jobs.
Processing specified run types: [['', 'restAP', '', '']].
[2026-02-09 13:35:07] Starting band-pass zFC calculation pipeline with 1 parallel jobs.
Processing specified run types: [['', 'restAP', '', '']].
[2026-02-10 13:07:07] Starting band-pass zFC calculation pipeline with 1 parallel jobs.
Processing specified run types: [['', 'restAP', '', '']].
[2026-02-10 13:08:14] Completed calculation of zFC matrices for the band-pass filtered signals.
[2026-02-10 13:08:14] Starting band-pass zFC calculation pipeline with 1 parallel jobs.
Processing specified run types: [['', 'restPA', '', '']].
[2026-02-10 13:09:19] Completed calculation of zFC matrices for the band-pass filtered signals.
[2026-04-09 12:43:23] Starting band-pass zFC calculation pipeline with 6 parallel jobs.
Processing specified run types: [['', 'restAP', '', 'Yan2023']].
[2026-04-09 12:45:31] Starting band-pass zFC calculation pipeline with 6 parallel jobs.
Processing specified run types: [['', 'restAP', '', 'Yan2023']].
[2026-04-09 12:49:21] Starting band-pass zFC calculation pipeline with 6 parallel jobs.
Processing specified run types: [['', 'restAP', '', 'Yan2023']].
[2026-04-09 12:51:24] Starting band-pass zFC calculation pipeline with 6 parallel jobs.
Processing specified run types: [['', 'restAP', '', 'Yan2023']].
[2026-04-09 12:56:34] Starting band-pass zFC calculation pipeline with 6 parallel jobs.
Processing specified run types: [['', 'restAP', '', 'Yan2023']].
[2026-04-09 12:57:38] Starting band-pass zFC calculation pipeline with 6 parallel jobs.
Processing specified run types: [['', 'restAP', '', 'Yan2023']].
[2026-04-09 12:57:56] Completed calculation of zFC matrices for the band-pass filtered signals.
[2026-04-09 14:22:30] Starting band-pass zFC calculation pipeline with 6 parallel jobs.
Processing specified run types: [['', 'restAP', '', 'Yan2023']].
[2026-04-09 14:23:00] Completed calculation of zFC matrices for the band-pass filtered signals.
[2026-04-09 14:43:42] Starting band-pass zFC calculation pipeline with 6 parallel jobs.
Processing specified run types: [['', 'restAP', '', 'Yan2023']].
[2026-04-09 14:44:01] Completed calculation of zFC matrices for the band-pass filtered signals.
[2026-04-10 12:45:22] Starting band-pass zFC calculation pipeline with 1 parallel jobs.
Processing specified run types: [['', 'restAP', '', 'Yan2023']].
[2026-04-10 12:45:31] Completed calculation of zFC matrices for the band-pass filtered signals.
[2026-04-10 12:46:25] Starting band-pass zFC calculation pipeline with 1 parallel jobs.
Processing specified run types: [['', 'restAP', '', 'Yan2023']].
[2026-04-10 12:46:32] Completed calculation of zFC matrices for the band-pass filtered signals.
[2026-04-11 23:39:44] Starting band-pass zFC calculation pipeline with 8 parallel jobs.
Processing specified run types: [['', 'restAP', '', 'Yan2023']].
[2026-04-11 23:39:46] Completed calculation of zFC matrices for the band-pass filtered signals.
[2026-04-11 23:40:12] Starting band-pass zFC calculation pipeline with 8 parallel jobs.
Processing specified run types: [['', 'restPA', '', 'Yan2023']].
[2026-04-11 23:40:15] Completed calculation of zFC matrices for the band-pass filtered signals.
[2026-04-13 11:00:43] Starting band-pass zFC calculation pipeline with 1 parallel jobs.
Processing specified run types: [['', 'restPA', '', 'Schaefer400']].
[2026-04-13 11:01:41] Starting band-pass zFC calculation pipeline with 1 parallel jobs.
Processing specified run types: [['', 'restPA', '', 'Schaefer400']].
[2026-04-13 11:02:02] Completed calculation of zFC matrices for the band-pass filtered signals.
[2026-04-13 11:02:11] Starting band-pass zFC calculation pipeline with 1 parallel jobs.
Processing specified run types: [['', 'restAP', '', 'Schaefer400']].
[2026-04-13 11:02:29] Completed calculation of zFC matrices for the band-pass filtered signals.
